TN:
SF:app/ClientRootLayout.tsx
FN:13,ThemeProvider
FN:32,ClientRootLayout
FNF:2
FNH:2
FNDA:14,ThemeProvider
FNDA:14,ClientRootLayout
DA:4,2
DA:5,2
DA:6,2
DA:32,14
LF:4
LH:4
BRDA:13,0,0,2
BRF:1
BRH:1
end_of_record
TN:
SF:app/error.tsx
FN:6,Error
FN:8,(anonymous_3)
FN:23,(anonymous_4)
FN:24,(anonymous_5)
FNF:4
FNH:0
FNDA:0,Error
FNDA:0,(anonymous_3)
FNDA:0,(anonymous_4)
FNDA:0,(anonymous_5)
DA:3,1
DA:4,1
DA:6,1
DA:8,0
DA:9,0
DA:10,0
DA:12,0
DA:23,0
DA:24,0
LF:9
LH:3
BRDA:9,0,0,0
BRDA:9,0,1,0
BRDA:26,1,0,0
BRF:3
BRH:0
end_of_record
TN:
SF:app/layout.tsx
FN:16,RootLayout
FNF:1
FNH:1
FNDA:9,RootLayout
DA:1,1
DA:3,1
DA:4,1
DA:5,1
DA:7,1
DA:9,1
DA:14,1
DA:16,9
DA:23,9
DA:30,9
DA:33,9
LF:11
LH:11
BRDA:30,0,0,5
BRDA:30,0,1,4
BRDA:30,1,0,9
BRDA:30,1,1,8
BRDA:30,1,2,5
BRDA:33,2,0,5
BRDA:33,2,1,4
BRF:7
BRH:7
end_of_record
TN:
SF:app/page.featuredvenues.tsx
FN:8,FeaturedVenuesPreview
FNF:1
FNH:1
FNDA:7,FeaturedVenuesPreview
DA:3,1
DA:4,1
DA:5,1
DA:6,1
DA:8,7
LF:5
LH:5
BRF:0
BRH:0
end_of_record
TN:
SF:app/page.listingdetail.tsx
FN:9,ListingDetailPreview
FNF:1
FNH:0
FNDA:0,ListingDetailPreview
LF:0
LH:0
BRF:0
BRH:0
end_of_record
TN:
SF:app/page.tsx
FN:9,HomePage
FNF:1
FNH:1
FNDA:5,HomePage
DA:3,1
DA:4,1
DA:5,1
DA:6,1
DA:7,1
DA:9,5
LF:6
LH:6
BRF:0
BRH:0
end_of_record
TN:
SF:app/robots.ts
FN:3,robots
FNF:1
FNH:1
FNDA:8,robots
DA:3,8
DA:4,8
DA:5,8
DA:7,8
LF:4
LH:4
BRDA:4,0,0,8
BRDA:4,0,1,5
BRF:2
BRH:2
end_of_record
TN:
SF:app/sitemap.ts
FN:24,sitemap
FN:64,(anonymous_2)
FN:73,(anonymous_3)
FN:74,(anonymous_4)
FN:81,(anonymous_5)
FN:82,(anonymous_6)
FN:85,(anonymous_7)
FN:93,(anonymous_8)
FN:101,(anonymous_9)
FNF:9
FNH:3
FNDA:7,sitemap
FNDA:0,(anonymous_2)
FNDA:0,(anonymous_3)
FNDA:0,(anonymous_4)
FNDA:21,(anonymous_5)
FNDA:21,(anonymous_6)
FNDA:0,(anonymous_7)
FNDA:0,(anonymous_8)
FNDA:0,(anonymous_9)
DA:1,1
DA:24,7
DA:25,7
DA:28,7
DA:55,7
DA:57,7
DA:63,7
DA:65,0
DA:69,7
DA:72,7
DA:73,0
DA:74,0
DA:77,7
DA:80,7
DA:81,21
DA:82,21
DA:85,7
DA:93,7
DA:101,7
DA:108,7
DA:111,0
LF:21
LH:17
BRDA:25,0,0,7
BRDA:25,0,1,5
BRDA:63,1,0,7
BRDA:63,1,1,0
BRDA:65,2,0,0
BRDA:65,2,1,0
BRDA:65,2,2,0
BRDA:72,3,0,7
BRDA:72,3,1,0
BRDA:74,4,0,0
BRDA:74,4,1,0
BRDA:80,5,0,7
BRDA:80,5,1,0
BRDA:82,6,0,21
BRDA:82,6,1,0
BRDA:87,7,0,0
BRDA:87,7,1,0
BRF:17
BRH:6
end_of_record
TN:
SF:app/admin/layout.tsx
FN:9,ensureAdmin
FN:14,AdminLayout
FN:42,(anonymous_2)
FNF:3
FNH:0
FNDA:0,ensureAdmin
FNDA:0,AdminLayout
FNDA:0,(anonymous_2)
DA:10,0
DA:11,0
DA:19,0
DA:20,0
DA:22,0
DA:23,0
DA:26,0
DA:43,0
LF:8
LH:0
BRDA:11,0,0,0
BRDA:11,0,1,0
BRDA:22,1,0,0
BRDA:22,1,1,0
BRDA:56,2,0,0
BRDA:56,2,1,0
BRF:6
BRH:0
end_of_record
TN:
SF:app/admin/dashboard/ModerationActions.tsx
FN:13,postModerationAction
FN:31,(anonymous_2)
FN:38,ModerationActions
FN:44,(anonymous_4)
FN:45,(anonymous_5)
FN:65,(anonymous_6)
FN:79,(anonymous_7)
FN:79,(anonymous_8)
FN:89,(anonymous_9)
FN:99,(anonymous_10)
FN:112,(anonymous_11)
FN:131,(anonymous_12)
FN:138,(anonymous_13)
FNF:13
FNH:1
FNDA:0,postModerationAction
FNDA:0,(anonymous_2)
FNDA:3,ModerationActions
FNDA:0,(anonymous_4)
FNDA:0,(anonymous_5)
FNDA:0,(anonymous_6)
FNDA:0,(anonymous_7)
FNDA:0,(anonymous_8)
FNDA:0,(anonymous_9)
FNDA:0,(anonymous_10)
FNDA:0,(anonymous_11)
FNDA:0,(anonymous_12)
FNDA:0,(anonymous_13)
DA:3,1
DA:22,0
DA:30,0
DA:31,0
DA:32,0
DA:35,0
DA:38,3
DA:39,3
DA:40,3
DA:41,3
DA:42,3
DA:44,3
DA:45,0
DA:46,0
DA:47,0
DA:48,0
DA:49,0
DA:50,0
DA:51,0
DA:52,0
DA:53,0
DA:55,0
DA:56,0
DA:59,0
DA:60,0
DA:65,3
DA:66,0
DA:67,0
DA:79,0
DA:89,0
DA:99,0
DA:112,0
DA:131,0
DA:139,0
DA:140,0
LF:35
LH:8
BRDA:30,0,0,0
BRDA:30,0,1,0
BRDA:32,1,0,0
BRDA:32,1,1,0
BRDA:48,2,0,0
BRDA:48,2,1,0
BRDA:50,3,0,0
BRDA:50,3,1,0
BRDA:52,4,0,0
BRDA:52,4,1,0
BRDA:55,5,0,0
BRDA:55,5,1,0
BRDA:59,6,0,0
BRDA:59,6,1,0
BRDA:104,7,0,3
BRDA:148,8,0,3
BRF:16
BRH:2
end_of_record
TN:
SF:app/admin/dashboard/page.tsx
FN:19,formatNumber
FN:23,formatTimeAgo
FN:44,AnalyticsCard
FN:68,StatusBadge
FN:80,(anonymous_9)
FN:99,loadAnalytics
FN:109,ensureAdminRole
FN:113,AdminDashboardPage
FN:206,(anonymous_13)
FNF:9
FNH:9
FNDA:12,formatNumber
FNDA:6,formatTimeAgo
FNDA:12,AnalyticsCard
FNDA:3,StatusBadge
FNDA:3,(anonymous_9)
FNDA:3,loadAnalytics
FNDA:3,ensureAdminRole
FNDA:3,AdminDashboardPage
FNDA:3,(anonymous_13)
DA:1,1
DA:2,1
DA:3,1
DA:9,1
DA:10,1
DA:12,1
DA:14,1
DA:20,12
DA:24,6
DA:25,6
DA:26,0
DA:29,6
DA:30,6
DA:32,6
DA:33,6
DA:34,6
DA:35,6
DA:69,3
DA:78,3
DA:80,3
DA:83,3
DA:100,3
DA:101,3
DA:102,3
DA:104,0
DA:105,0
DA:110,3
DA:113,1
DA:114,3
DA:115,3
DA:117,3
DA:118,0
DA:121,3
DA:123,3
DA:207,3
LF:35
LH:31
BRDA:25,0,0,0
BRDA:25,0,1,6
BRDA:32,1,0,0
BRDA:32,1,1,6
BRDA:33,2,0,0
BRDA:33,2,1,6
BRDA:51,3,0,12
BRDA:54,4,0,0
BRDA:54,4,1,0
BRDA:56,5,0,0
BRDA:56,5,1,0
BRDA:91,6,0,3
BRDA:91,6,1,0
BRDA:110,7,0,3
BRDA:110,7,1,0
BRDA:117,8,0,0
BRDA:117,8,1,3
BRDA:123,9,0,0
BRDA:123,9,1,3
BRDA:146,10,0,0
BRDA:146,10,1,3
BRDA:166,11,0,0
BRDA:166,11,1,3
BRDA:169,12,0,0
BRDA:169,12,1,3
BRDA:199,13,0,0
BRDA:199,13,1,3
BRF:27
BRH:12
end_of_record
TN:
SF:app/admin/users/UserManagementTable.tsx
FN:47,fetchUsers
FN:59,(anonymous_1)
FN:66,updateUser
FN:76,(anonymous_3)
FN:83,formatTimeAgo
FN:100,RoleBadge
FN:130,StatusBadge
FN:143,UserManagementTable
FN:161,(anonymous_8)
FN:175,(anonymous_9)
FN:179,(anonymous_10)
FN:190,(anonymous_11)
FN:197,(anonymous_12)
FN:204,(anonymous_13)
FN:205,(anonymous_14)
FN:212,(anonymous_15)
FN:240,(anonymous_16)
FN:251,(anonymous_17)
FN:255,(anonymous_18)
FN:314,(anonymous_19)
FN:328,(anonymous_20)
FN:332,(anonymous_21)
FN:350,(anonymous_22)
FN:373,(anonymous_23)
FN:380,(anonymous_24)
FN:397,(anonymous_25)
FN:405,(anonymous_26)
FNF:27
FNH:0
FNDA:0,fetchUsers
FNDA:0,(anonymous_1)
FNDA:0,updateUser
FNDA:0,(anonymous_3)
FNDA:0,formatTimeAgo
FNDA:0,RoleBadge
FNDA:0,StatusBadge
FNDA:0,UserManagementTable
FNDA:0,(anonymous_8)
FNDA:0,(anonymous_9)
FNDA:0,(anonymous_10)
FNDA:0,(anonymous_11)
FNDA:0,(anonymous_12)
FNDA:0,(anonymous_13)
FNDA:0,(anonymous_14)
FNDA:0,(anonymous_15)
FNDA:0,(anonymous_16)
FNDA:0,(anonymous_17)
FNDA:0,(anonymous_18)
FNDA:0,(anonymous_19)
FNDA:0,(anonymous_20)
FNDA:0,(anonymous_21)
FNDA:0,(anonymous_22)
FNDA:0,(anonymous_23)
FNDA:0,(anonymous_24)
FNDA:0,(anonymous_25)
FNDA:0,(anonymous_26)
DA:37,0
DA:48,0
DA:53,0
DA:54,0
DA:56,0
DA:58,0
DA:59,0
DA:60,0
DA:63,0
DA:67,0
DA:75,0
DA:76,0
DA:77,0
DA:80,0
DA:84,0
DA:86,0
DA:87,0
DA:89,0
DA:90,0
DA:92,0
DA:93,0
DA:94,0
DA:95,0
DA:96,0
DA:97,0
DA:101,0
DA:112,0
DA:131,0
DA:144,0
DA:145,0
DA:152,0
DA:153,0
DA:154,0
DA:155,0
DA:156,0
DA:157,0
DA:159,0
DA:161,0
DA:162,0
DA:163,0
DA:164,0
DA:165,0
DA:166,0
DA:167,0
DA:169,0
DA:171,0
DA:175,0
DA:176,0
DA:179,0
DA:180,0
DA:181,0
DA:182,0
DA:185,0
DA:186,0
DA:187,0
DA:190,0
DA:191,0
DA:192,0
DA:193,0
DA:194,0
DA:197,0
DA:199,0
DA:204,0
DA:205,0
DA:206,0
DA:207,0
DA:208,0
DA:209,0
DA:212,0
DA:214,0
DA:240,0
DA:251,0
DA:256,0
DA:315,0
DA:328,0
DA:333,0
DA:350,0
DA:373,0
DA:380,0
DA:397,0
DA:405,0
LF:81
LH:0
BRDA:53,0,0,0
BRDA:53,0,1,0
BRDA:54,1,0,0
BRDA:54,1,1,0
BRDA:58,2,0,0
BRDA:58,2,1,0
BRDA:60,3,0,0
BRDA:60,3,1,0
BRDA:75,4,0,0
BRDA:75,4,1,0
BRDA:77,5,0,0
BRDA:77,5,1,0
BRDA:84,6,0,0
BRDA:84,6,1,0
BRDA:87,7,0,0
BRDA:87,7,1,0
BRDA:92,8,0,0
BRDA:92,8,1,0
BRDA:93,9,0,0
BRDA:93,9,1,0
BRDA:95,10,0,0
BRDA:95,10,1,0
BRDA:138,11,0,0
BRDA:138,11,1,0
BRDA:161,12,0,0
BRDA:165,13,0,0
BRDA:165,13,1,0
BRDA:169,14,0,0
BRDA:169,14,1,0
BRDA:180,15,0,0
BRDA:180,15,1,0
BRDA:185,16,0,0
BRDA:185,16,1,0
BRDA:185,17,0,0
BRDA:185,17,1,0
BRDA:185,17,2,0
BRDA:199,18,0,0
BRDA:199,18,1,0
BRDA:208,19,0,0
BRDA:208,19,1,0
BRDA:214,20,0,0
BRDA:214,20,1,0
BRDA:222,21,0,0
BRDA:269,22,0,0
BRDA:276,23,0,0
BRDA:283,24,0,0
BRDA:283,24,1,0
BRDA:307,25,0,0
BRDA:307,25,1,0
BRDA:319,26,0,0
BRDA:319,26,1,0
BRDA:326,27,0,0
BRDA:329,28,0,0
BRDA:329,28,1,0
BRDA:329,28,2,0
BRDA:350,29,0,0
BRDA:350,29,1,0
BRDA:351,30,0,0
BRDA:351,30,1,0
BRDA:353,31,0,0
BRDA:353,31,1,0
BRDA:358,32,0,0
BRDA:358,32,1,0
BRDA:369,33,0,0
BRDA:374,34,0,0
BRDA:374,34,1,0
BRDA:381,35,0,0
BRDA:381,35,1,0
BRDA:398,36,0,0
BRDA:398,36,1,0
BRDA:406,37,0,0
BRDA:406,37,1,0
BRF:72
BRH:0
end_of_record
TN:
SF:app/admin/users/page.tsx
FN:17,ensureAdmin
FN:22,AdminUsersPage
FNF:2
FNH:0
FNDA:0,ensureAdmin
FNDA:0,AdminUsersPage
DA:8,0
DA:10,0
DA:18,0
DA:19,0
DA:23,0
DA:24,0
DA:26,0
DA:27,0
LF:8
LH:0
BRDA:19,0,0,0
BRDA:19,0,1,0
BRDA:26,1,0,0
BRDA:26,1,1,0
BRF:4
BRH:0
end_of_record
TN:
SF:app/api/admin/analytics/route.ts
FN:8,ensureAdmin
FN:17,GET
FN:34,POST
FNF:3
FNH:2
FNDA:4,ensureAdmin
FNDA:4,GET
FNDA:0,POST
DA:1,1
DA:2,1
DA:4,1
DA:9,4
DA:10,4
DA:11,4
DA:12,3
DA:14,1
DA:17,1
DA:18,4
DA:19,4
DA:20,4
DA:22,4
DA:23,1
DA:26,3
DA:27,2
DA:29,1
DA:30,1
DA:34,0
DA:35,0
LF:20
LH:18
BRDA:10,0,0,0
BRDA:10,0,1,4
BRDA:11,1,0,3
BRDA:11,1,1,1
BRDA:11,2,0,4
BRDA:11,2,1,2
BRDA:22,3,0,1
BRDA:22,3,1,3
BRF:8
BRH:7
end_of_record
TN:
SF:app/api/admin/analyze-content/route.ts
FN:10,ensureAdmin
FN:15,GET
FN:55,POST
FN:64,(anonymous_6)
FN:72,(anonymous_7)
FN:76,(anonymous_8)
FNF:6
FNH:5
FNDA:4,ensureAdmin
FNDA:2,GET
FNDA:2,POST
FNDA:0,(anonymous_6)
FNDA:2,(anonymous_7)
FNDA:1,(anonymous_8)
DA:1,1
DA:2,1
DA:4,1
DA:11,4
DA:12,4
DA:15,1
DA:16,2
DA:17,2
DA:18,2
DA:20,2
DA:21,1
DA:24,1
DA:25,1
DA:26,1
DA:28,1
DA:29,1
DA:30,1
DA:31,1
DA:33,0
DA:37,1
DA:39,1
DA:41,0
DA:42,0
DA:46,1
DA:55,1
DA:56,2
DA:57,2
DA:58,2
DA:60,2
DA:61,0
DA:64,2
DA:65,2
DA:66,2
DA:68,2
DA:69,1
DA:72,1
DA:73,2
DA:74,2
DA:75,2
DA:76,1
DA:79,2
DA:91,1
DA:97,0
DA:98,0
LF:44
LH:38
BRDA:12,0,0,4
BRDA:12,0,1,2
BRDA:20,1,0,1
BRDA:20,1,1,1
BRDA:25,2,0,1
BRDA:25,2,1,0
BRDA:28,3,0,1
BRDA:28,3,1,0
BRDA:30,4,0,1
BRDA:30,4,1,0
BRDA:30,5,0,1
BRDA:30,5,1,1
BRDA:30,5,2,1
BRDA:60,6,0,0
BRDA:60,6,1,2
BRDA:65,7,0,2
BRDA:65,7,1,0
BRDA:66,8,0,1
BRDA:66,8,1,1
BRDA:68,9,0,1
BRDA:68,9,1,1
BRDA:73,10,0,2
BRDA:73,10,1,0
BRDA:76,11,0,2
BRDA:76,11,1,1
BRDA:83,12,0,0
BRDA:83,12,1,2
BRDA:85,13,0,1
BRDA:85,13,1,1
BRF:29
BRH:22
end_of_record
TN:
SF:app/api/admin/bulk-operations/route.ts
FN:16,ensureAdmin
FN:21,GET
FN:30,(anonymous_5)
FN:42,POST
FN:51,(anonymous_7)
FN:54,(anonymous_8)
FNF:6
FNH:5
FNDA:4,ensureAdmin
FNDA:2,GET
FNDA:3,(anonymous_5)
FNDA:2,POST
FNDA:0,(anonymous_7)
FNDA:3,(anonymous_8)
DA:1,1
DA:2,1
DA:4,1
DA:10,1
DA:17,4
DA:18,4
DA:21,1
DA:22,2
DA:23,2
DA:24,2
DA:26,2
DA:27,1
DA:30,3
DA:35,1
DA:37,0
DA:38,0
DA:42,1
DA:43,2
DA:44,2
DA:45,2
DA:47,2
DA:48,0
DA:51,2
DA:52,2
DA:53,2
DA:54,2
DA:55,3
DA:58,2
DA:60,2
DA:61,0
DA:64,2
DA:65,1
DA:68,1
DA:69,0
DA:74,1
DA:75,0
DA:80,1
DA:82,1
DA:87,0
DA:88,0
LF:40
LH:32
BRDA:18,0,0,4
BRDA:18,0,1,2
BRDA:26,1,0,1
BRDA:26,1,1,1
BRDA:47,2,0,0
BRDA:47,2,1,2
BRDA:53,3,0,2
BRDA:53,3,1,0
BRDA:55,4,0,3
BRDA:55,4,1,3
BRDA:60,5,0,0
BRDA:60,5,1,2
BRDA:64,6,0,1
BRDA:64,6,1,1
BRDA:68,7,0,0
BRDA:68,7,1,1
BRDA:74,8,0,0
BRDA:74,8,1,1
BRF:18
BRH:13
end_of_record
TN:
SF:app/api/admin/moderation/route.ts
FN:15,ensureAdmin
FN:23,GET
FN:49,POST
FN:58,(anonymous_6)
FNF:4
FNH:3
FNDA:4,ensureAdmin
FNDA:2,GET
FNDA:2,POST
FNDA:0,(anonymous_6)
DA:1,1
DA:2,1
DA:9,1
DA:16,4
DA:17,4
DA:18,3
DA:20,1
DA:23,1
DA:24,2
DA:25,2
DA:26,2
DA:28,2
DA:29,1
DA:32,1
DA:33,1
DA:34,1
DA:35,1
DA:37,1
DA:38,1
DA:40,1
DA:42,1
DA:44,0
DA:45,0
DA:49,1
DA:50,2
DA:51,2
DA:52,2
DA:54,2
DA:55,0
DA:58,2
DA:59,2
DA:60,2
DA:61,2
DA:63,2
DA:64,1
DA:67,1
DA:68,0
DA:71,1
DA:72,0
DA:75,1
DA:77,1
DA:79,1
DA:84,0
DA:85,0
LF:44
LH:37
BRDA:17,0,0,3
BRDA:17,0,1,1
BRDA:17,1,0,4
BRDA:17,1,1,2
BRDA:28,2,0,1
BRDA:28,2,1,1
BRDA:34,3,0,1
BRDA:34,3,1,0
BRDA:37,4,0,1
BRDA:37,4,1,0
BRDA:37,5,0,1
BRDA:37,5,1,1
BRDA:38,6,0,1
BRDA:38,6,1,0
BRDA:42,7,0,1
BRDA:42,7,1,0
BRDA:54,8,0,0
BRDA:54,8,1,2
BRDA:63,9,0,1
BRDA:63,9,1,1
BRDA:63,10,0,2
BRDA:63,10,1,1
BRDA:67,11,0,0
BRDA:67,11,1,1
BRDA:71,12,0,0
BRDA:71,12,1,1
BRDA:75,13,0,1
BRDA:75,13,1,0
BRF:28
BRH:20
end_of_record
TN:
SF:app/api/admin/stats/route.ts
FN:8,ensureAdmin
FN:13,GET
FN:42,POST
FNF:3
FNH:3
FNDA:4,ensureAdmin
FNDA:4,GET
FNDA:1,POST
DA:1,1
DA:2,1
DA:4,1
DA:9,4
DA:10,4
DA:13,1
DA:14,4
DA:15,4
DA:16,4
DA:18,4
DA:19,1
DA:22,3
DA:25,2
DA:35,2
DA:37,1
DA:38,1
DA:42,1
DA:43,1
LF:18
LH:18
BRDA:10,0,0,4
BRDA:10,0,1,2
BRDA:18,1,0,1
BRDA:18,1,1,3
BRF:4
BRH:4
end_of_record
TN:
SF:app/api/admin/users/route.ts
FN:20,ensureAdmin
FN:25,ensureSuperAdmin
FN:29,GET
FN:82,(anonymous_6)
FN:115,PATCH
FN:124,(anonymous_8)
FNF:6
FNH:5
FNDA:11,ensureAdmin
FNDA:4,ensureSuperAdmin
FNDA:4,GET
FNDA:1,(anonymous_6)
FNDA:7,PATCH
FNDA:0,(anonymous_8)
DA:1,1
DA:2,1
DA:4,1
DA:21,11
DA:22,11
DA:26,4
DA:29,1
DA:30,4
DA:31,4
DA:32,4
DA:34,4
DA:35,1
DA:38,3
DA:39,3
DA:40,3
DA:41,3
DA:42,3
DA:44,3
DA:47,3
DA:48,3
DA:49,1
DA:52,3
DA:53,3
DA:54,1
DA:57,3
DA:67,3
DA:69,3
DA:82,2
DA:92,2
DA:94,2
DA:110,1
DA:111,1
DA:115,1
DA:116,7
DA:117,7
DA:118,7
DA:120,7
DA:121,1
DA:124,6
DA:125,6
DA:126,6
DA:127,6
DA:129,6
DA:130,1
DA:134,5
DA:135,1
DA:140,4
DA:141,1
DA:144,3
DA:145,1
DA:149,2
DA:150,1
DA:155,1
DA:156,1
DA:157,1
DA:158,1
DA:159,1
DA:161,1
DA:163,1
DA:169,0
DA:170,0
LF:61
LH:59
BRDA:22,0,0,11
BRDA:22,0,1,5
BRDA:34,1,0,1
BRDA:34,1,1,3
BRDA:39,2,0,3
BRDA:39,2,1,1
BRDA:40,3,0,3
BRDA:40,3,1,1
BRDA:41,4,0,3
BRDA:41,4,1,2
BRDA:48,5,0,1
BRDA:48,5,1,2
BRDA:53,6,0,1
BRDA:53,6,1,2
BRDA:53,7,0,3
BRDA:53,7,1,2
BRDA:84,8,0,1
BRDA:84,8,1,0
BRDA:85,9,0,1
BRDA:85,9,1,0
BRDA:86,10,0,1
BRDA:86,10,1,0
BRDA:87,11,0,1
BRDA:87,11,1,0
BRDA:88,12,0,1
BRDA:88,12,1,0
BRDA:89,13,0,1
BRDA:89,13,1,0
BRDA:105,14,0,2
BRDA:105,14,1,1
BRDA:120,15,0,1
BRDA:120,15,1,6
BRDA:129,16,0,1
BRDA:129,16,1,5
BRDA:129,17,0,6
BRDA:129,17,1,5
BRDA:134,18,0,1
BRDA:134,18,1,4
BRDA:134,19,0,5
BRDA:134,19,1,4
BRDA:140,20,0,1
BRDA:140,20,1,3
BRDA:140,21,0,4
BRDA:140,21,1,3
BRDA:144,22,0,1
BRDA:144,22,1,2
BRDA:144,23,0,3
BRDA:144,23,1,2
BRDA:149,24,0,1
BRDA:149,24,1,1
BRDA:149,25,0,2
BRDA:149,25,1,2
BRDA:149,25,2,1
BRDA:149,25,3,1
BRDA:156,26,0,1
BRDA:156,26,1,0
BRDA:157,27,0,1
BRDA:157,27,1,0
BRF:58
BRH:50
end_of_record
TN:
SF:app/api/amenities/route.ts
FN:4,GET
FNF:1
FNH:0
FNDA:0,GET
DA:5,0
DA:6,0
DA:10,0
DA:12,0
LF:4
LH:0
BRF:0
BRH:0
end_of_record
TN:
SF:app/api/auth/[...nextauth]/route.ts
FN:5,GET
FN:16,POST
FNF:2
FNH:0
FNDA:0,GET
FNDA:0,POST
DA:3,0
DA:6,0
DA:7,0
DA:8,0
DA:10,0
DA:11,0
DA:13,0
DA:17,0
DA:18,0
DA:19,0
DA:21,0
DA:23,0
LF:12
LH:0
BRF:0
BRH:0
end_of_record
TN:
SF:app/api/auth/register/route.ts
FN:6,POST
FNF:1
FNH:1
FNDA:8,POST
DA:1,1
DA:2,1
DA:3,1
DA:4,1
DA:6,8
DA:7,8
DA:9,8
DA:10,8
DA:12,0
DA:13,0
DA:19,8
DA:20,1
DA:26,7
DA:28,7
DA:35,7
DA:36,3
DA:43,4
DA:44,0
DA:45,0
DA:58,4
DA:60,3
DA:61,3
DA:62,1
DA:69,2
DA:72,2
DA:79,1
DA:83,1
DA:90,1
DA:96,2
DA:97,2
DA:98,2
LF:31
LH:27
BRDA:19,0,0,1
BRDA:19,0,1,7
BRDA:19,1,0,8
BRDA:19,1,1,7
BRDA:28,2,0,7
BRDA:28,2,1,6
BRDA:28,2,2,5
BRDA:28,2,3,4
BRDA:28,2,4,4
BRDA:28,2,5,4
BRDA:35,3,0,3
BRDA:35,3,1,4
BRDA:43,4,0,0
BRDA:43,4,1,4
BRDA:61,5,0,1
BRDA:61,5,1,2
BRDA:79,6,0,0
BRDA:79,6,1,1
BRDA:79,7,0,1
BRDA:79,7,1,1
BRDA:79,7,2,1
BRDA:84,8,0,1
BRDA:84,8,1,0
BRDA:85,9,0,1
BRDA:85,9,1,0
BRDA:86,10,0,1
BRDA:86,10,1,0
BRDA:87,11,0,1
BRDA:87,11,1,0
BRDA:97,12,0,2
BRDA:97,12,1,0
BRF:31
BRH:24
end_of_record
TN:
SF:app/api/auth/test/route.ts
FN:4,GET
FN:37,(anonymous_2)
FNF:2
FNH:2
FNDA:4,GET
FNDA:11,(anonymous_2)
DA:1,1
DA:2,1
DA:4,4
DA:5,4
DA:6,4
DA:8,3
DA:15,3
DA:37,11
DA:38,3
DA:39,3
DA:41,3
DA:51,3
DA:56,1
LF:13
LH:13
BRDA:20,0,0,3
BRDA:20,0,1,1
BRDA:38,1,0,3
BRDA:38,1,1,2
BRDA:39,2,0,1
BRDA:39,2,1,2
BRDA:48,3,0,3
BRDA:48,3,1,1
BRDA:58,4,0,1
BRDA:58,4,1,0
BRF:10
BRH:9
end_of_record
TN:
SF:app/api/auth/update-profile/route.ts
FN:7,(anonymous_7)
FN:13,(anonymous_8)
FN:26,(anonymous_9)
FN:37,ensureAuthenticated
FN:38,(anonymous_11)
FN:59,parsePayload
FN:96,validatePayload
FN:149,handleProfileMutation
FN:170,(anonymous_15)
FN:210,PATCH
FN:214,POST
FN:218,GET
FNF:12
FNH:12
FNDA:8,(anonymous_7)
FNDA:1,(anonymous_8)
FNDA:2,(anonymous_9)
FNDA:6,ensureAuthenticated
FNDA:6,(anonymous_11)
FNDA:5,parsePayload
FNDA:4,validatePayload
FNDA:7,handleProfileMutation
FNDA:3,(anonymous_15)
FNDA:6,PATCH
FNDA:1,POST
FNDA:1,GET
DA:1,1
DA:5,1
DA:7,1
DA:8,8
DA:13,1
DA:14,1
DA:26,1
DA:27,2
DA:28,2
DA:38,6
DA:39,6
DA:40,6
DA:41,1
DA:56,5
DA:60,5
DA:61,5
DA:62,4
DA:63,0
DA:78,4
DA:80,1
DA:97,4
DA:98,4
DA:100,4
DA:101,2
DA:102,0
DA:104,2
DA:105,2
DA:106,0
DA:107,2
DA:108,0
DA:110,2
DA:115,4
DA:116,1
DA:117,1
DA:118,1
DA:119,0
DA:120,0
DA:122,0
DA:126,4
DA:127,1
DA:130,4
DA:131,1
DA:146,3
DA:150,7
DA:151,1
DA:154,6
DA:155,6
DA:156,1
DA:159,5
DA:160,5
DA:161,1
DA:164,4
DA:165,4
DA:166,1
DA:169,3
DA:170,3
DA:171,3
DA:173,3
DA:174,1
DA:187,2
DA:195,0
DA:196,0
DA:210,6
DA:211,6
DA:214,1
DA:215,1
DA:218,1
DA:219,1
LF:68
LH:59
BRDA:27,0,0,0
BRDA:27,0,1,2
BRDA:32,1,0,2
BRDA:32,1,1,1
BRDA:40,2,0,1
BRDA:40,2,1,5
BRDA:62,3,0,0
BRDA:62,3,1,4
BRDA:62,4,0,4
BRDA:62,4,1,4
BRDA:100,5,0,2
BRDA:100,5,1,2
BRDA:101,6,0,0
BRDA:101,6,1,2
BRDA:105,7,0,0
BRDA:105,7,1,2
BRDA:107,8,0,0
BRDA:107,8,1,2
BRDA:115,9,0,1
BRDA:115,9,1,3
BRDA:117,10,0,1
BRDA:117,10,1,0
BRDA:119,11,0,0
BRDA:119,11,1,0
BRDA:126,12,0,1
BRDA:126,12,1,3
BRDA:126,13,0,4
BRDA:126,13,1,2
BRDA:130,14,0,1
BRDA:130,14,1,3
BRDA:150,15,0,1
BRDA:150,15,1,6
BRDA:155,16,0,1
BRDA:155,16,1,5
BRDA:155,17,0,6
BRDA:155,17,1,1
BRDA:160,18,0,1
BRDA:160,18,1,4
BRDA:160,19,0,5
BRDA:160,19,1,1
BRDA:165,20,0,1
BRDA:165,20,1,3
BRDA:165,21,0,4
BRDA:165,21,1,1
BRDA:173,22,0,1
BRDA:173,22,1,2
BRF:46
BRH:38
end_of_record
TN:
SF:app/api/blog/route.ts
FN:40,(anonymous_1)
FN:42,GET
FN:102,(anonymous_3)
FNF:3
FNH:3
FNDA:2,(anonymous_1)
FNDA:6,GET
FNDA:2,(anonymous_3)
DA:1,1
DA:2,1
DA:3,1
DA:4,1
DA:22,1
DA:38,1
DA:40,2
DA:42,6
DA:43,6
DA:44,6
DA:46,6
DA:47,6
DA:48,6
DA:49,6
DA:51,6
DA:52,6
DA:53,6
DA:54,6
DA:56,6
DA:57,6
DA:59,6
DA:60,2
DA:62,2
DA:63,1
DA:64,1
DA:67,2
DA:68,1
DA:69,1
DA:72,2
DA:73,2
DA:89,2
DA:92,6
DA:93,6
DA:94,6
DA:96,6
DA:101,5
DA:102,2
DA:105,5
DA:106,5
DA:107,5
DA:108,5
DA:110,5
DA:128,1
DA:130,1
DA:131,1
DA:132,1
DA:133,1
DA:135,1
DA:136,0
DA:139,1
DA:140,0
DA:144,1
LF:52
LH:50
BRDA:46,0,0,6
BRDA:46,0,1,5
BRDA:47,1,0,6
BRDA:47,1,1,5
BRDA:53,2,0,1
BRDA:53,2,1,5
BRDA:54,3,0,1
BRDA:54,3,1,5
BRDA:59,4,0,2
BRDA:59,4,1,4
BRDA:59,5,0,6
BRDA:59,5,1,5
BRDA:62,6,0,1
BRDA:62,6,1,1
BRDA:67,7,0,1
BRDA:67,7,1,1
BRDA:93,8,0,1
BRDA:93,8,1,5
BRDA:94,9,0,1
BRDA:94,9,1,5
BRDA:101,10,0,5
BRDA:101,10,1,0
BRDA:105,11,0,5
BRDA:105,11,1,0
BRDA:119,12,0,0
BRDA:119,12,1,5
BRDA:120,13,0,0
BRDA:120,13,1,5
BRDA:123,14,0,5
BRDA:123,14,1,4
BRDA:124,15,0,5
BRDA:124,15,1,4
BRDA:130,16,0,1
BRDA:130,16,1,0
BRDA:133,17,0,1
BRDA:133,17,1,1
BRDA:135,18,0,0
BRDA:135,18,1,1
BRDA:135,19,0,1
BRDA:135,19,1,1
BRDA:135,19,2,1
BRDA:135,19,3,1
BRDA:139,20,0,0
BRDA:139,20,1,1
BRDA:139,21,0,1
BRDA:139,21,1,1
BRF:46
BRH:39
end_of_record
TN:
SF:app/api/blog/[slug]/route.ts
FN:39,GET
FN:92,trackViewCount
FN:104,PUT
FNF:3
FNH:0
FNDA:0,GET
FNDA:0,trackViewCount
FNDA:0,PUT
DA:8,0
DA:43,0
DA:44,0
DA:46,0
DA:47,0
DA:51,0
DA:53,0
DA:54,0
DA:57,0
DA:59,0
DA:71,0
DA:74,0
DA:76,0
DA:77,0
DA:78,0
DA:80,0
DA:81,0
DA:85,0
DA:90,0
DA:93,0
DA:94,0
DA:95,0
DA:100,0
DA:108,0
DA:109,0
DA:110,0
DA:112,0
DA:114,0
DA:119,0
DA:120,0
DA:123,0
DA:125,0
DA:131,0
DA:134,0
DA:135,0
LF:35
LH:0
BRDA:46,0,0,0
BRDA:46,0,1,0
BRDA:53,1,0,0
BRDA:53,1,1,0
BRDA:61,2,0,0
BRDA:61,2,1,0
BRDA:63,3,0,0
BRDA:63,3,1,0
BRDA:64,4,0,0
BRDA:64,4,1,0
BRDA:66,5,0,0
BRDA:66,5,1,0
BRDA:76,6,0,0
BRDA:76,6,1,0
BRDA:77,7,0,0
BRDA:77,7,1,0
BRDA:80,8,0,0
BRDA:80,8,1,0
BRDA:93,9,0,0
BRDA:93,9,1,0
BRDA:112,10,0,0
BRDA:112,10,1,0
BRDA:119,11,0,0
BRDA:119,11,1,0
BRF:24
BRH:0
end_of_record
TN:
SF:app/api/categories/route.ts
FN:6,GET
FN:36,getDefaultCategories
FNF:2
FNH:0
FNDA:0,GET
FNDA:0,getDefaultCategories
DA:7,0
DA:8,0
DA:12,0
DA:13,0
DA:14,0
DA:16,0
DA:18,0
DA:20,0
DA:26,0
DA:27,0
DA:28,0
DA:30,0
DA:38,0
LF:13
LH:0
BRDA:12,0,0,0
BRDA:12,0,1,0
BRDA:12,1,0,0
BRDA:12,1,1,0
BRDA:20,2,0,0
BRDA:20,2,1,0
BRDA:20,3,0,0
BRDA:20,3,1,0
BRDA:20,3,2,0
BRDA:22,4,0,0
BRDA:22,4,1,0
BRDA:22,5,0,0
BRDA:22,5,1,0
BRDA:22,5,2,0
BRF:14
BRH:0
end_of_record
TN:
SF:app/api/cities/route.ts
FN:4,GET
FNF:1
FNH:1
FNDA:9,GET
DA:1,1
DA:2,1
DA:4,9
DA:5,9
DA:6,9
DA:10,7
DA:12,2
LF:7
LH:7
BRF:0
BRH:0
end_of_record
TN:
SF:app/api/cities/[slug]/route.ts
FN:10,GET
FNF:1
FNH:1
FNDA:11,GET
DA:2,1
DA:3,1
DA:10,1
DA:14,11
DA:15,11
DA:16,11
DA:17,8
DA:18,2
DA:20,6
DA:22,3
DA:23,3
LF:11
LH:11
BRDA:17,0,0,2
BRDA:17,0,1,6
BRF:2
BRH:2
end_of_record
TN:
SF:app/api/city/[slug]/route.ts
FN:9,GET
FNF:1
FNH:1
FNDA:17,GET
DA:3,1
DA:4,1
DA:9,1
DA:13,17
DA:14,17
DA:15,17
DA:16,12
DA:17,3
DA:20,9
DA:22,5
DA:23,5
LF:11
LH:11
BRDA:16,0,0,3
BRDA:16,0,1,9
BRF:2
BRH:2
end_of_record
TN:
SF:app/api/comments/route.ts
FN:24,successResponse
FN:34,(anonymous_8)
FN:40,errorResponse
FN:53,(anonymous_10)
FN:59,parsePagination
FN:114,normaliseContent
FN:122,GET
FN:157,POST
FN:194,(anonymous_15)
FNF:9
FNH:7
FNDA:5,successResponse
FNDA:0,(anonymous_8)
FNDA:9,errorResponse
FNDA:0,(anonymous_10)
FNDA:4,parsePagination
FNDA:7,normaliseContent
FNDA:4,GET
FNDA:10,POST
FNDA:5,(anonymous_15)
DA:1,1
DA:2,1
DA:3,1
DA:4,1
DA:5,1
DA:7,1
DA:8,1
DA:9,1
DA:25,5
DA:26,5
DA:27,5
DA:28,5
DA:29,5
DA:32,0
DA:35,0
DA:41,9
DA:42,9
DA:43,0
DA:45,9
DA:46,9
DA:47,9
DA:48,9
DA:51,0
DA:54,0
DA:62,4
DA:63,0
DA:66,4
DA:67,4
DA:68,4
DA:70,4
DA:71,4
DA:72,4
DA:73,4
DA:74,4
DA:76,4
DA:77,2
DA:79,4
DA:80,2
DA:83,0
DA:86,4
DA:87,1
DA:90,3
DA:91,0
DA:94,3
DA:95,0
DA:98,3
DA:99,3
DA:100,3
DA:102,3
DA:115,7
DA:116,0
DA:118,7
DA:119,7
DA:122,5
DA:123,4
DA:124,4
DA:125,1
DA:128,3
DA:130,3
DA:131,3
DA:140,3
DA:141,2
DA:143,2
DA:152,1
DA:153,1
DA:157,11
DA:158,10
DA:159,10
DA:160,10
DA:161,10
DA:163,10
DA:164,2
DA:167,8
DA:168,1
DA:171,7
DA:172,0
DA:176,7
DA:177,7
DA:179,0
DA:182,7
DA:183,7
DA:185,7
DA:186,1
DA:189,6
DA:190,1
DA:193,5
DA:194,5
DA:195,5
DA:202,5
DA:209,5
DA:210,5
DA:211,1
DA:214,4
DA:222,3
DA:223,3
DA:224,2
DA:225,2
DA:227,2
DA:231,3
DA:233,1
DA:234,1
DA:238,1
LF:102
LH:90
BRDA:24,0,0,2
BRDA:25,1,0,5
BRDA:25,1,1,0
BRDA:26,2,0,5
BRDA:26,2,1,0
BRDA:28,3,0,5
BRDA:28,3,1,0
BRDA:42,4,0,0
BRDA:42,4,1,9
BRDA:45,5,0,9
BRDA:45,5,1,0
BRDA:47,6,0,9
BRDA:47,6,1,0
BRDA:62,7,0,0
BRDA:62,7,1,4
BRDA:62,8,0,4
BRDA:62,8,1,4
BRDA:76,9,0,2
BRDA:76,9,1,2
BRDA:79,10,0,2
BRDA:79,10,1,2
BRDA:86,11,0,1
BRDA:86,11,1,3
BRDA:86,12,0,4
BRDA:86,12,1,3
BRDA:90,13,0,0
BRDA:90,13,1,3
BRDA:90,14,0,3
BRDA:90,14,1,3
BRDA:94,15,0,0
BRDA:94,15,1,3
BRDA:94,16,0,3
BRDA:94,16,1,3
BRDA:115,17,0,0
BRDA:115,17,1,7
BRDA:119,18,0,6
BRDA:119,18,1,1
BRDA:124,19,0,1
BRDA:124,19,1,3
BRDA:141,20,0,2
BRDA:141,20,1,0
BRDA:161,21,0,10
BRDA:161,21,1,1
BRDA:163,22,0,2
BRDA:163,22,1,8
BRDA:167,23,0,1
BRDA:167,23,1,7
BRDA:171,24,0,0
BRDA:171,24,1,7
BRDA:171,25,0,7
BRDA:171,25,1,7
BRDA:182,26,0,6
BRDA:182,26,1,1
BRDA:185,27,0,1
BRDA:185,27,1,6
BRDA:189,28,0,1
BRDA:189,28,1,5
BRDA:197,29,0,5
BRDA:197,29,1,3
BRDA:198,30,0,5
BRDA:198,30,1,4
BRDA:202,31,0,5
BRDA:202,31,1,5
BRDA:210,32,0,1
BRDA:210,32,1,4
BRDA:222,33,0,3
BRDA:222,33,1,1
BRDA:223,34,0,2
BRDA:223,34,1,1
BRF:69
BRH:57
end_of_record
TN:
SF:app/api/contact/route.ts
FN:48,(anonymous_0)
FN:70,POST
FN:97,(anonymous_2)
FN:257,GET
FNF:4
FNH:0
FNDA:0,(anonymous_0)
FNDA:0,POST
FNDA:0,(anonymous_2)
FNDA:0,GET
DA:11,0
DA:21,0
DA:28,0
DA:29,0
DA:32,0
DA:42,0
DA:48,0
DA:49,0
DA:50,0
DA:61,0
DA:71,0
DA:72,0
DA:74,0
DA:75,0
DA:76,0
DA:77,0
DA:81,0
DA:82,0
DA:84,0
DA:85,0
DA:92,0
DA:95,0
DA:96,0
DA:97,0
DA:99,0
DA:109,0
DA:111,0
DA:113,0
DA:114,0
DA:121,0
DA:122,0
DA:145,0
DA:146,0
DA:169,0
DA:170,0
DA:172,0
DA:173,0
DA:174,0
DA:175,0
DA:181,0
DA:183,0
DA:188,0
DA:189,0
DA:192,0
DA:193,0
DA:194,0
DA:196,0
DA:197,0
DA:205,0
DA:211,0
DA:218,0
DA:227,0
DA:238,0
DA:241,0
DA:242,0
DA:243,0
DA:245,0
DA:246,0
DA:250,0
DA:258,0
DA:259,0
DA:275,0
DA:277,0
LF:63
LH:0
BRDA:12,0,0,0
BRDA:12,0,1,0
BRDA:12,0,2,0
BRDA:12,0,3,0
BRDA:12,0,4,0
BRDA:12,0,5,0
BRDA:21,1,0,0
BRDA:21,1,1,0
BRDA:21,1,2,0
BRDA:21,1,3,0
BRDA:21,1,4,0
BRDA:21,1,5,0
BRDA:28,2,0,0
BRDA:28,2,1,0
BRDA:29,3,0,0
BRDA:29,3,1,0
BRDA:49,4,0,0
BRDA:49,4,1,0
BRDA:49,5,0,0
BRDA:49,5,1,0
BRDA:49,5,2,0
BRDA:52,6,0,0
BRDA:52,6,1,0
BRDA:64,7,0,0
BRDA:64,7,1,0
BRDA:65,8,0,0
BRDA:65,8,1,0
BRDA:74,9,0,0
BRDA:74,9,1,0
BRDA:74,9,2,0
BRDA:76,10,0,0
BRDA:76,10,1,0
BRDA:84,11,0,0
BRDA:84,11,1,0
BRDA:107,12,0,0
BRDA:107,12,1,0
BRDA:111,13,0,0
BRDA:111,13,1,0
BRDA:129,14,0,0
BRDA:129,14,1,0
BRDA:170,15,0,0
BRDA:170,15,1,0
BRDA:174,16,0,0
BRDA:174,16,1,0
BRDA:189,17,0,0
BRDA:189,17,1,0
BRDA:194,18,0,0
BRDA:194,18,1,0
BRDA:194,18,2,0
BRDA:196,19,0,0
BRDA:196,19,1,0
BRDA:212,20,0,0
BRDA:212,20,1,0
BRDA:213,21,0,0
BRDA:213,21,1,0
BRDA:229,22,0,0
BRDA:229,22,1,0
BRDA:241,23,0,0
BRDA:241,23,1,0
BRDA:242,24,0,0
BRDA:242,24,1,0
BRDA:245,25,0,0
BRDA:245,25,1,0
BRF:63
BRH:0
end_of_record
TN:
SF:app/api/digital-nomad-features/route.ts
FN:5,GET
FNF:1
FNH:0
FNDA:0,GET
DA:6,0
DA:7,0
DA:11,0
DA:13,0
LF:4
LH:0
BRF:0
BRH:0
end_of_record
TN:
SF:app/api/eco-tags/route.ts
FN:4,GET
FNF:1
FNH:0
FNDA:0,GET
DA:5,0
DA:6,0
DA:10,0
DA:12,0
LF:4
LH:0
BRF:0
BRH:0
end_of_record
TN:
SF:app/api/events/route.ts
FN:3,GET
FNF:1
FNH:0
FNDA:0,GET
DA:4,0
DA:5,0
DA:7,0
DA:19,0
DA:21,0
DA:25,0
DA:26,0
LF:7
LH:0
BRF:0
BRH:0
end_of_record
TN:
SF:app/api/exit-preview/route.ts
FN:4,GET
FNF:1
FNH:0
FNDA:0,GET
DA:5,0
DA:8,0
DA:9,0
DA:12,0
LF:4
LH:0
BRDA:9,0,0,0
BRDA:9,0,1,0
BRF:2
BRH:0
end_of_record
TN:
SF:app/api/featured-listings/route.ts
FN:51,GET
FN:141,(anonymous_1)
FN:144,(anonymous_2)
FN:145,(anonymous_3)
FN:148,(anonymous_4)
FNF:5
FNH:0
FNDA:0,GET
FNDA:0,(anonymous_1)
FNDA:0,(anonymous_2)
FNDA:0,(anonymous_3)
FNDA:0,(anonymous_4)
DA:52,0
DA:53,0
DA:55,0
DA:56,0
DA:57,0
DA:60,0
DA:62,0
DA:131,0
DA:132,0
DA:134,0
DA:136,0
DA:137,0
DA:138,0
DA:141,0
DA:142,0
DA:144,0
DA:145,0
DA:147,0
DA:148,0
DA:151,0
DA:163,0
DA:164,0
DA:166,0
DA:168,0
DA:169,0
DA:170,0
DA:172,0
LF:27
LH:0
BRDA:55,0,0,0
BRDA:55,0,1,0
BRDA:55,1,0,0
BRDA:55,1,1,0
BRDA:141,2,0,0
BRDA:141,2,1,0
BRDA:142,3,0,0
BRDA:142,3,1,0
BRDA:144,4,0,0
BRDA:144,4,1,0
BRDA:144,5,0,0
BRDA:144,5,1,0
BRDA:145,6,0,0
BRDA:145,6,1,0
BRDA:147,7,0,0
BRDA:147,7,1,0
BRDA:148,8,0,0
BRDA:148,8,1,0
BRDA:154,9,0,0
BRDA:154,9,1,0
BRDA:155,10,0,0
BRDA:155,10,1,0
BRDA:156,11,0,0
BRDA:156,11,1,0
BRDA:173,12,0,0
BRDA:173,12,1,0
BRF:26
BRH:0
end_of_record
TN:
SF:app/api/legacy-listings/route.ts
FN:6,GET
FNF:1
FNH:0
FNDA:0,GET
DA:7,0
DA:8,0
DA:9,0
DA:10,0
DA:12,0
DA:14,0
DA:15,0
LF:7
LH:0
BRF:0
BRH:0
end_of_record
TN:
SF:app/api/listings/route.ts
FN:46,parsePagination
FN:85,toStringArray
FN:90,(anonymous_7)
FN:91,(anonymous_8)
FN:94,validateListingPayload
FN:163,createListingsHandlers
FN:167,(anonymous_11)
FN:208,(anonymous_12)
FN:274,(anonymous_13)
FNF:9
FNH:8
FNDA:5,parsePagination
FNDA:10,toStringArray
FNDA:8,(anonymous_7)
FNDA:8,(anonymous_8)
FNDA:5,validateListingPayload
FNDA:16,createListingsHandlers
FNDA:6,(anonymous_11)
FNDA:9,(anonymous_12)
FNDA:0,(anonymous_13)
DA:2,1
DA:3,1
DA:4,1
DA:6,1
DA:7,1
DA:8,1
DA:39,1
DA:47,5
DA:48,1
DA:54,4
DA:55,4
DA:57,4
DA:58,4
DA:59,4
DA:60,4
DA:62,4
DA:63,2
DA:65,4
DA:66,2
DA:69,0
DA:75,4
DA:76,1
DA:82,3
DA:86,10
DA:87,2
DA:89,8
DA:90,8
DA:91,8
DA:95,5
DA:96,0
DA:102,5
DA:103,5
DA:104,5
DA:105,5
DA:106,5
DA:107,5
DA:108,5
DA:109,5
DA:110,5
DA:111,5
DA:112,5
DA:113,5
DA:115,5
DA:117,5
DA:118,1
DA:121,5
DA:122,1
DA:125,5
DA:126,1
DA:129,5
DA:130,1
DA:133,5
DA:134,1
DA:137,5
DA:138,1
DA:144,4
DA:163,15
DA:164,16
DA:165,16
DA:167,16
DA:168,6
DA:169,6
DA:171,1
DA:174,5
DA:175,5
DA:176,2
DA:179,3
DA:180,3
DA:182,3
DA:183,3
DA:184,3
DA:185,1
DA:188,2
DA:189,2
DA:190,1
DA:194,1
DA:204,1
DA:208,16
DA:210,9
DA:211,9
DA:213,1
DA:216,8
DA:217,8
DA:218,1
DA:221,7
DA:222,1
DA:226,6
DA:227,6
DA:229,1
DA:232,5
DA:233,5
DA:234,1
DA:237,4
DA:238,4
DA:239,4
DA:240,0
DA:243,4
DA:244,4
DA:245,1
DA:248,3
DA:254,3
DA:255,1
DA:257,1
DA:266,2
DA:269,2
DA:270,2
DA:274,16
DA:276,16
DA:279,1
DA:281,1
DA:282,1
DA:283,1
LF:112
LH:109
BRDA:47,0,0,1
BRDA:47,0,1,4
BRDA:47,1,0,5
BRDA:47,1,1,5
BRDA:62,2,0,2
BRDA:62,2,1,2
BRDA:65,3,0,2
BRDA:65,3,1,2
BRDA:75,4,0,1
BRDA:75,4,1,3
BRDA:75,5,0,4
BRDA:75,5,1,4
BRDA:75,5,2,3
BRDA:75,5,3,3
BRDA:75,5,4,3
BRDA:86,6,0,2
BRDA:86,6,1,8
BRDA:90,7,0,8
BRDA:90,7,1,0
BRDA:95,8,0,0
BRDA:95,8,1,5
BRDA:95,9,0,5
BRDA:95,9,1,5
BRDA:103,10,0,5
BRDA:103,10,1,0
BRDA:104,11,0,5
BRDA:104,11,1,0
BRDA:105,12,0,4
BRDA:105,12,1,1
BRDA:106,13,0,4
BRDA:106,13,1,1
BRDA:107,14,0,4
BRDA:107,14,1,1
BRDA:110,15,0,0
BRDA:110,15,1,5
BRDA:111,16,0,0
BRDA:111,16,1,5
BRDA:112,17,0,0
BRDA:112,17,1,5
BRDA:113,18,0,0
BRDA:113,18,1,5
BRDA:117,19,0,1
BRDA:117,19,1,4
BRDA:121,20,0,1
BRDA:121,20,1,4
BRDA:121,21,0,5
BRDA:121,21,1,5
BRDA:125,22,0,1
BRDA:125,22,1,4
BRDA:129,23,0,1
BRDA:129,23,1,4
BRDA:133,24,0,1
BRDA:133,24,1,4
BRDA:137,25,0,1
BRDA:137,25,1,4
BRDA:163,26,0,1
BRDA:175,27,0,2
BRDA:175,27,1,3
BRDA:184,28,0,1
BRDA:184,28,1,2
BRDA:184,29,0,3
BRDA:184,29,1,3
BRDA:190,30,0,1
BRDA:190,30,1,0
BRDA:200,31,0,1
BRDA:200,31,1,0
BRDA:217,32,0,1
BRDA:217,32,1,7
BRDA:217,33,0,8
BRDA:217,33,1,8
BRDA:221,34,0,1
BRDA:221,34,1,6
BRDA:221,35,0,7
BRDA:221,35,1,7
BRDA:233,36,0,1
BRDA:233,36,1,4
BRDA:233,37,0,5
BRDA:233,37,1,4
BRDA:239,38,0,0
BRDA:239,38,1,4
BRDA:239,39,0,4
BRDA:239,39,1,4
BRDA:244,40,0,1
BRDA:244,40,1,3
BRDA:250,41,0,3
BRDA:250,41,1,0
BRDA:255,42,0,1
BRDA:255,42,1,0
BRDA:255,42,2,0
BRDA:260,43,0,1
BRDA:260,43,1,0
BRDA:261,44,0,1
BRDA:261,44,1,0
BRDA:266,45,0,1
BRDA:266,45,1,1
BRDA:266,46,0,2
BRDA:266,46,1,2
BRDA:269,47,0,1
BRDA:269,47,1,1
BRF:99
BRH:83
end_of_record
TN:
SF:app/api/listings/[slug]/route.ts
FN:9,GET
FN:29,PUT
FN:72,DELETE
FNF:3
FNH:3
FNDA:3,GET
FNDA:4,PUT
FNDA:4,DELETE
DA:1,11
DA:2,11
DA:3,11
DA:4,11
DA:9,11
DA:13,3
DA:14,3
DA:16,3
DA:18,2
DA:19,1
DA:22,1
DA:24,1
DA:25,1
DA:29,11
DA:33,4
DA:34,4
DA:35,4
DA:36,3
DA:37,3
DA:44,3
DA:46,3
DA:47,1
DA:51,2
DA:52,2
DA:53,1
DA:56,1
DA:61,1
DA:66,1
DA:68,1
DA:72,11
DA:76,4
DA:77,4
DA:78,4
DA:79,3
DA:86,3
DA:88,3
DA:89,1
DA:93,2
DA:94,2
DA:95,1
DA:98,1
DA:103,1
DA:105,1
LF:43
LH:43
BRDA:18,0,0,1
BRDA:18,0,1,1
BRDA:46,1,0,1
BRDA:46,1,1,2
BRDA:52,2,0,1
BRDA:52,2,1,1
BRDA:52,3,0,2
BRDA:52,3,1,2
BRDA:88,4,0,1
BRDA:88,4,1,2
BRDA:94,5,0,1
BRDA:94,5,1,1
BRDA:94,6,0,2
BRDA:94,6,1,2
BRF:14
BRH:14
end_of_record
TN:
SF:app/api/listings/[slug]/views/route.ts
FN:7,POST
FNF:1
FNH:0
FNDA:0,POST
DA:1,0
DA:11,0
DA:12,0
DA:13,0
DA:14,0
DA:18,0
DA:19,0
DA:20,0
DA:21,0
DA:22,0
DA:23,0
DA:24,0
DA:28,0
DA:32,0
DA:34,0
DA:36,0
DA:37,0
LF:17
LH:0
BRDA:13,0,0,0
BRDA:13,0,1,0
BRDA:13,1,0,0
BRDA:13,1,1,0
BRDA:18,2,0,0
BRDA:18,2,1,0
BRDA:21,3,0,0
BRDA:21,3,1,0
BRDA:23,4,0,0
BRDA:23,4,1,0
BRDA:32,5,0,0
BRDA:32,5,1,0
BRF:12
BRH:0
end_of_record
TN:
SF:app/api/listings/city/[id]/route.ts
FN:9,GET
FNF:1
FNH:0
FNDA:0,GET
DA:13,0
DA:14,0
DA:15,0
DA:16,0
DA:18,0
DA:21,0
DA:23,0
DA:24,0
LF:8
LH:0
BRDA:16,0,0,0
BRDA:16,0,1,0
BRDA:16,1,0,0
BRDA:16,1,1,0
BRF:4
BRH:0
end_of_record
TN:
SF:app/api/listings/featured/route.ts
FN:9,GET
FNF:1
FNH:1
FNDA:3,GET
DA:2,3
DA:3,3
DA:9,3
DA:10,3
DA:12,3
DA:13,3
DA:16,3
DA:19,2
DA:21,2
DA:23,1
DA:24,1
LF:11
LH:11
BRDA:13,0,0,3
BRDA:13,0,1,1
BRF:2
BRH:2
end_of_record
TN:
SF:app/api/listings/manage/[id]/route.ts
FN:8,resolveParams
FN:12,GET
FN:39,PUT
FN:95,(anonymous_3)
FN:103,(anonymous_4)
FN:111,(anonymous_5)
FN:141,DELETE
FNF:7
FNH:0
FNDA:0,resolveParams
FNDA:0,GET
FNDA:0,PUT
FNDA:0,(anonymous_3)
FNDA:0,(anonymous_4)
FNDA:0,(anonymous_5)
FNDA:0,DELETE
DA:9,0
DA:13,0
DA:14,0
DA:15,0
DA:16,0
DA:18,0
DA:19,0
DA:22,0
DA:23,0
DA:28,0
DA:29,0
DA:32,0
DA:34,0
DA:35,0
DA:40,0
DA:41,0
DA:42,0
DA:43,0
DA:45,0
DA:46,0
DA:49,0
DA:50,0
DA:51,0
DA:56,0
DA:57,0
DA:61,0
DA:64,0
DA:77,0
DA:78,0
DA:82,0
DA:83,0
DA:84,0
DA:86,0
DA:90,0
DA:91,0
DA:94,0
DA:95,0
DA:102,0
DA:103,0
DA:110,0
DA:111,0
DA:119,0
DA:126,0
DA:127,0
DA:128,0
DA:132,0
DA:134,0
DA:136,0
DA:137,0
DA:142,0
DA:143,0
DA:144,0
DA:145,0
DA:147,0
DA:148,0
DA:151,0
DA:152,0
DA:157,0
DA:158,0
DA:161,0
DA:163,0
DA:165,0
DA:166,0
LF:63
LH:0
BRDA:18,0,0,0
BRDA:18,0,1,0
BRDA:18,1,0,0
BRDA:18,1,1,0
BRDA:28,2,0,0
BRDA:28,2,1,0
BRDA:45,3,0,0
BRDA:45,3,1,0
BRDA:45,4,0,0
BRDA:45,4,1,0
BRDA:56,5,0,0
BRDA:56,5,1,0
BRDA:78,6,0,0
BRDA:78,6,1,0
BRDA:82,7,0,0
BRDA:82,7,1,0
BRDA:83,8,0,0
BRDA:83,8,1,0
BRDA:90,9,0,0
BRDA:90,9,1,0
BRDA:91,10,0,0
BRDA:91,10,1,0
BRDA:94,11,0,0
BRDA:94,11,1,0
BRDA:102,12,0,0
BRDA:102,12,1,0
BRDA:110,13,0,0
BRDA:110,13,1,0
BRDA:127,14,0,0
BRDA:127,14,1,0
BRDA:127,15,0,0
BRDA:127,15,1,0
BRDA:147,16,0,0
BRDA:147,16,1,0
BRDA:147,17,0,0
BRDA:147,17,1,0
BRDA:157,18,0,0
BRDA:157,18,1,0
BRF:38
BRH:0
end_of_record
TN:
SF:app/api/mock-env/route.ts
FN:10,GET
FN:25,(anonymous_1)
FN:30,(anonymous_2)
FNF:3
FNH:0
FNDA:0,GET
FNDA:0,(anonymous_1)
FNDA:0,(anonymous_2)
DA:7,0
DA:8,0
DA:12,0
DA:13,0
DA:16,0
DA:17,0
DA:19,0
DA:20,0
DA:24,0
DA:25,0
DA:29,0
DA:30,0
DA:34,0
DA:38,0
DA:39,0
LF:15
LH:0
BRDA:7,0,0,0
BRDA:7,0,1,0
BRDA:8,1,0,0
BRDA:8,1,1,0
BRDA:16,2,0,0
BRDA:16,2,1,0
BRDA:16,3,0,0
BRDA:16,3,1,0
BRDA:16,3,2,0
BRDA:16,3,3,0
BRDA:19,4,0,0
BRDA:19,4,1,0
BRF:12
BRH:0
end_of_record
TN:
SF:app/api/newsletter/confirm/route.ts
FN:6,GET
FNF:1
FNH:0
FNDA:0,GET
DA:7,0
DA:8,0
DA:9,0
DA:10,0
DA:11,0
DA:13,0
DA:14,0
DA:15,0
DA:16,0
DA:18,0
DA:19,0
DA:20,0
DA:25,0
DA:27,0
DA:28,0
DA:29,0
DA:31,0
LF:17
LH:0
BRDA:10,0,0,0
BRDA:10,0,1,0
BRDA:14,1,0,0
BRDA:14,1,1,0
BRDA:15,2,0,0
BRDA:15,2,1,0
BRF:6
BRH:0
end_of_record
TN:
SF:app/api/newsletter/subscribe/route.ts
FN:12,(anonymous_6)
FN:20,memoryGet
FN:35,memorySet
FN:52,memoryIncr
FN:75,startMemoryCleanup
FN:78,(anonymous_11)
FN:86,_clearMemoryStore
FN:101,storeGet
FN:113,storeSet
FN:126,storeIncr
FN:148,POST
FN:153,(anonymous_17)
FNF:12
FNH:11
FNDA:15,(anonymous_6)
FNDA:15,memoryGet
FNDA:16,memorySet
FNDA:15,memoryIncr
FNDA:1,startMemoryCleanup
FNDA:0,(anonymous_11)
FNDA:5,_clearMemoryStore
FNDA:15,storeGet
FNDA:13,storeSet
FNDA:15,storeIncr
FNDA:16,POST
FNDA:16,(anonymous_17)
DA:1,1
DA:3,1
DA:4,1
DA:5,1
DA:6,1
DA:7,1
DA:9,1
DA:12,15
DA:18,1
DA:22,15
DA:24,0
DA:27,15
DA:28,15
DA:29,2
DA:30,0
DA:31,0
DA:33,2
DA:36,16
DA:37,16
DA:41,8
DA:54,15
DA:56,0
DA:59,15
DA:60,15
DA:61,15
DA:62,3
DA:63,3
DA:65,12
DA:66,12
DA:67,12
DA:71,0
DA:73,1
DA:76,1
DA:78,1
DA:79,0
DA:80,0
DA:81,0
DA:86,5
DA:87,5
DA:91,1
DA:92,1
DA:95,1
DA:96,1
DA:97,1
DA:102,15
DA:103,0
DA:104,0
DA:105,0
DA:107,0
DA:110,15
DA:114,13
DA:115,0
DA:116,0
DA:117,0
DA:119,0
DA:120,0
DA:123,13
DA:127,15
DA:128,0
DA:129,0
DA:130,0
DA:132,0
DA:134,0
DA:136,0
DA:139,15
DA:143,1
DA:144,1
DA:145,1
DA:146,1
DA:148,15
DA:149,16
DA:151,16
DA:152,16
DA:153,16
DA:158,16
DA:159,16
DA:160,16
DA:161,16
DA:162,1
DA:164,15
DA:167,15
DA:168,15
DA:169,15
DA:170,15
DA:171,15
DA:172,15
DA:173,1
DA:176,14
DA:177,14
DA:178,2
DA:179,2
DA:180,2
DA:181,1
DA:182,1
DA:183,1
DA:184,1
DA:188,13
DA:189,13
DA:190,1
DA:191,0
DA:192,0
DA:194,1
DA:196,12
DA:197,12
DA:198,1
DA:199,1
DA:201,12
DA:205,0
DA:206,0
DA:208,0
DA:209,0
DA:212,0
DA:215,0
DA:216,0
DA:217,0
DA:218,0
DA:219,0
DA:220,0
DA:221,0
DA:222,0
DA:223,0
DA:224,0
DA:234,0
DA:235,0
DA:236,0
DA:238,0
DA:239,0
DA:240,0
DA:241,0
DA:244,0
DA:245,0
DA:246,0
DA:248,0
DA:249,0
DA:250,0
DA:252,0
DA:256,0
DA:257,0
DA:258,0
DA:259,0
DA:260,0
DA:262,0
DA:263,0
DA:264,0
DA:266,0
DA:269,0
DA:272,0
DA:273,0
DA:274,0
DA:275,0
DA:276,0
DA:280,0
DA:284,0
DA:287,0
DA:288,0
DA:289,0
DA:292,0
DA:294,0
DA:295,0
DA:296,0
LF:160
LH:82
BRDA:22,0,0,0
BRDA:22,0,1,15
BRDA:28,1,0,13
BRDA:28,1,1,2
BRDA:29,2,0,0
BRDA:29,2,1,2
BRDA:54,3,0,0
BRDA:54,3,1,15
BRDA:61,4,0,3
BRDA:61,4,1,12
BRDA:61,5,0,15
BRDA:61,5,1,12
BRDA:76,6,0,0
BRDA:76,6,1,1
BRDA:81,7,0,0
BRDA:81,7,1,0
BRDA:95,8,0,1
BRDA:95,8,1,0
BRDA:102,9,0,0
BRDA:102,9,1,15
BRDA:102,10,0,15
BRDA:102,10,1,0
BRDA:105,11,0,0
BRDA:105,11,1,0
BRDA:114,12,0,0
BRDA:114,12,1,13
BRDA:114,13,0,13
BRDA:114,13,1,0
BRDA:127,14,0,0
BRDA:127,14,1,15
BRDA:127,15,0,15
BRDA:127,15,1,0
BRDA:130,16,0,0
BRDA:130,16,1,0
BRDA:152,17,0,16
BRDA:152,17,1,0
BRDA:152,18,0,0
BRDA:152,18,1,0
BRDA:153,19,0,14
BRDA:158,20,0,16
BRDA:158,20,1,0
BRDA:161,21,0,1
BRDA:161,21,1,15
BRDA:167,22,0,15
BRDA:167,22,1,4
BRDA:169,23,0,11
BRDA:169,23,1,4
BRDA:169,24,0,4
BRDA:169,24,1,4
BRDA:172,25,0,1
BRDA:172,25,1,14
BRDA:176,26,0,14
BRDA:176,26,1,12
BRDA:177,27,0,2
BRDA:177,27,1,12
BRDA:180,28,0,1
BRDA:180,28,1,1
BRDA:184,29,0,1
BRDA:184,29,1,0
BRDA:189,30,0,1
BRDA:189,30,1,12
BRDA:190,31,0,0
BRDA:190,31,1,1
BRDA:197,32,0,1
BRDA:197,32,1,11
BRDA:208,33,0,0
BRDA:208,33,1,0
BRDA:215,34,0,0
BRDA:215,34,1,0
BRDA:216,35,0,0
BRDA:216,35,1,0
BRDA:219,36,0,0
BRDA:219,36,1,0
BRDA:222,37,0,0
BRDA:222,37,1,0
BRDA:222,38,0,0
BRDA:222,38,1,0
BRDA:222,38,2,0
BRDA:224,39,0,0
BRDA:224,39,1,0
BRDA:234,40,0,0
BRDA:234,40,1,0
BRDA:236,41,0,0
BRDA:236,41,1,0
BRDA:236,42,0,0
BRDA:236,42,1,0
BRDA:240,43,0,0
BRDA:240,43,1,0
BRDA:246,44,0,0
BRDA:246,44,1,0
BRDA:248,45,0,0
BRDA:248,45,1,0
BRDA:256,46,0,0
BRDA:256,46,1,0
BRDA:260,47,0,0
BRDA:260,47,1,0
BRDA:262,48,0,0
BRDA:262,48,1,0
BRDA:269,49,0,0
BRDA:269,49,1,0
BRDA:273,50,0,0
BRDA:273,50,1,0
BRDA:287,51,0,0
BRDA:287,51,1,0
BRDA:295,52,0,0
BRDA:295,52,1,0
BRDA:295,53,0,0
BRDA:295,53,1,0
BRF:108
BRH:42
end_of_record
TN:
SF:app/api/performance/web-vitals/route.ts
FN:27,storePerformanceData
FN:49,POST
FN:91,(anonymous_2)
FNF:3
FNH:0
FNDA:0,storePerformanceData
FNDA:0,POST
FNDA:0,(anonymous_2)
DA:28,0
DA:30,0
DA:31,0
DA:42,0
DA:44,0
DA:45,0
DA:50,0
DA:52,0
DA:55,0
DA:63,0
DA:64,0
DA:65,0
DA:66,0
DA:74,0
DA:75,0
DA:76,0
DA:83,0
DA:91,0
DA:94,0
DA:99,0
DA:100,0
DA:108,0
LF:22
LH:0
BRDA:30,0,0,0
BRDA:30,0,1,0
BRDA:58,1,0,0
BRDA:58,1,1,0
BRDA:59,2,0,0
BRDA:59,2,1,0
BRDA:63,3,0,0
BRDA:63,3,1,0
BRDA:65,4,0,0
BRDA:65,4,1,0
BRDA:67,5,0,0
BRDA:67,5,1,0
BRDA:68,6,0,0
BRDA:68,6,1,0
BRDA:75,7,0,0
BRDA:75,7,1,0
BRDA:85,8,0,0
BRDA:85,8,1,0
BRDA:86,9,0,0
BRDA:86,9,1,0
BRDA:87,10,0,0
BRDA:87,10,1,0
BRF:22
BRH:0
end_of_record
TN:
SF:app/api/preview/route.ts
FN:5,GET
FNF:1
FNH:0
FNDA:0,GET
DA:6,0
DA:7,0
DA:8,0
DA:9,0
DA:13,0
DA:14,0
DA:17,0
DA:18,0
DA:22,0
DA:25,0
DA:26,0
LF:11
LH:0
BRDA:13,0,0,0
BRDA:13,0,1,0
BRDA:17,1,0,0
BRDA:17,1,1,0
BRDA:25,2,0,0
BRDA:25,2,1,0
BRF:6
BRH:0
end_of_record
TN:
SF:app/api/preview/exit/route.ts
FN:4,GET
FNF:1
FNH:0
FNDA:0,GET
DA:6,0
DA:7,0
DA:10,0
DA:11,0
DA:13,0
LF:5
LH:0
BRDA:11,0,0,0
BRDA:11,0,1,0
BRF:2
BRH:0
end_of_record
TN:
SF:app/api/revalidate/route.ts
FN:9,GET
FNF:1
FNH:0
FNDA:0,GET
DA:5,0
DA:6,0
DA:7,0
DA:10,0
DA:11,0
DA:12,0
DA:13,0
DA:15,0
DA:16,0
DA:20,0
DA:21,0
DA:23,0
DA:24,0
DA:26,0
DA:29,0
DA:31,0
DA:37,0
DA:39,0
LF:18
LH:0
BRDA:15,0,0,0
BRDA:15,0,1,0
BRDA:15,1,0,0
BRDA:15,1,1,0
BRDA:20,2,0,0
BRDA:20,2,1,0
BRDA:23,3,0,0
BRDA:23,3,1,0
BRDA:23,4,0,0
BRDA:23,4,1,0
BRDA:26,5,0,0
BRDA:26,5,1,0
BRF:12
BRH:0
end_of_record
TN:
SF:app/api/revalidate-all/route.ts
FN:5,POST
FNF:1
FNH:0
FNDA:0,POST
DA:6,0
DA:7,0
DA:10,0
DA:11,0
DA:15,0
DA:23,0
DA:24,0
DA:27,0
DA:33,0
DA:34,0
DA:39,0
DA:40,0
LF:12
LH:0
BRDA:10,0,0,0
BRDA:10,0,1,0
BRDA:10,1,0,0
BRDA:10,1,1,0
BRF:4
BRH:0
end_of_record
TN:
SF:app/api/reviews/route.ts
FN:25,GET
FN:77,(anonymous_4)
FN:117,POST
FNF:3
FNH:3
FNDA:5,GET
FNDA:5,(anonymous_4)
FNDA:7,POST
DA:1,1
DA:2,1
DA:3,1
DA:4,1
DA:5,1
DA:6,1
DA:7,1
DA:8,1
DA:9,1
DA:10,1
DA:25,5
DA:26,5
DA:27,5
DA:28,5
DA:29,5
DA:30,5
DA:31,5
DA:32,5
DA:33,5
DA:34,5
DA:37,5
DA:40,5
DA:41,5
DA:42,5
DA:43,5
DA:46,5
DA:47,0
DA:52,5
DA:56,5
DA:57,5
DA:59,1
DA:60,1
DA:62,4
DA:65,5
DA:67,5
DA:76,4
DA:77,5
DA:93,4
DA:95,1
DA:96,1
DA:100,1
DA:117,7
DA:118,7
DA:120,7
DA:121,7
DA:122,7
DA:124,7
DA:125,1
DA:128,6
DA:129,1
DA:136,5
DA:137,5
DA:138,5
DA:139,5
DA:140,1
DA:141,1
DA:143,4
DA:145,0
DA:148,4
DA:150,4
DA:151,4
DA:161,4
DA:162,1
DA:165,3
DA:170,3
DA:171,1
DA:174,2
DA:185,2
DA:195,2
DA:196,0
DA:198,2
DA:199,0
DA:202,2
DA:204,1
DA:205,1
DA:206,1
DA:207,1
DA:213,1
DA:223,1
DA:228,1
DA:234,1
LF:81
LH:77
BRDA:29,0,0,5
BRDA:29,0,1,0
BRDA:29,1,0,5
BRDA:29,1,1,4
BRDA:30,2,0,5
BRDA:30,2,1,0
BRDA:30,3,0,5
BRDA:30,3,1,4
BRDA:31,4,0,5
BRDA:31,4,1,4
BRDA:37,5,0,5
BRDA:37,5,1,0
BRDA:41,6,0,1
BRDA:41,6,1,4
BRDA:42,7,0,0
BRDA:42,7,1,5
BRDA:43,8,0,0
BRDA:43,8,1,5
BRDA:46,9,0,0
BRDA:46,9,1,5
BRDA:57,10,0,1
BRDA:57,10,1,4
BRDA:81,11,0,5
BRDA:81,11,1,1
BRDA:122,12,0,7
BRDA:122,12,1,1
BRDA:124,13,0,1
BRDA:124,13,1,6
BRDA:128,14,0,1
BRDA:128,14,1,5
BRDA:139,15,0,1
BRDA:139,15,1,4
BRDA:140,16,0,1
BRDA:140,16,1,0
BRDA:155,17,0,4
BRDA:155,17,1,3
BRDA:156,18,0,4
BRDA:156,18,1,2
BRDA:161,19,0,1
BRDA:161,19,1,3
BRDA:161,20,0,4
BRDA:161,20,1,3
BRDA:170,21,0,1
BRDA:170,21,1,2
BRDA:195,22,0,0
BRDA:195,22,1,2
BRDA:198,23,0,0
BRDA:198,23,1,2
BRDA:205,24,0,1
BRDA:205,24,1,0
BRDA:214,25,0,1
BRDA:214,25,1,0
BRDA:218,26,0,1
BRDA:218,26,1,0
BRDA:219,27,0,0
BRDA:219,27,1,1
BRDA:220,28,0,0
BRDA:220,28,1,1
BRF:58
BRH:44
end_of_record
TN:
SF:app/api/reviews/[reviewId]/vote/route.ts
FN:38,POST
FN:155,GET
FN:194,(anonymous_5)
FN:195,(anonymous_6)
FNF:4
FNH:4
FNDA:10,POST
FNDA:5,GET
FNDA:1,(anonymous_5)
FNDA:2,(anonymous_6)
DA:1,1
DA:2,1
DA:3,1
DA:4,1
DA:7,1
DA:38,1
DA:42,10
DA:43,10
DA:45,10
DA:46,1
DA:49,9
DA:50,9
DA:52,9
DA:53,1
DA:60,8
DA:61,8
DA:62,7
DA:65,7
DA:70,7
DA:71,2
DA:75,5
DA:78,5
DA:83,5
DA:84,2
DA:86,2
DA:87,1
DA:98,1
DA:99,1
DA:101,1
DA:112,1
DA:117,1
DA:125,3
DA:134,3
DA:135,3
DA:143,3
DA:149,1
DA:150,1
DA:155,1
DA:159,5
DA:160,5
DA:162,5
DA:163,1
DA:166,4
DA:167,3
DA:170,3
DA:175,3
DA:176,1
DA:180,2
DA:192,2
DA:194,2
DA:195,2
DA:196,2
DA:198,2
DA:210,2
DA:213,1
DA:214,1
LF:56
LH:56
BRDA:45,0,0,1
BRDA:45,0,1,9
BRDA:52,1,0,1
BRDA:52,1,1,8
BRDA:70,2,0,2
BRDA:70,2,1,5
BRDA:75,3,0,5
BRDA:75,3,1,4
BRDA:75,3,2,0
BRDA:83,4,0,2
BRDA:83,4,1,3
BRDA:86,5,0,1
BRDA:86,5,1,1
BRDA:86,6,0,2
BRDA:86,6,1,1
BRDA:98,7,0,0
BRDA:98,7,1,1
BRDA:99,8,0,0
BRDA:99,8,1,1
BRDA:130,9,0,3
BRDA:130,9,1,1
BRDA:134,10,0,2
BRDA:134,10,1,1
BRDA:162,11,0,1
BRDA:162,11,1,4
BRDA:175,12,0,1
BRDA:175,12,1,2
BRDA:194,13,0,2
BRDA:194,13,1,1
BRDA:195,14,0,2
BRDA:195,14,1,1
BRDA:204,15,0,1
BRDA:204,15,1,1
BRF:33
BRH:30
end_of_record
TN:
SF:app/api/reviews/analytics/route.ts
FN:33,GET
FN:42,(anonymous_2)
FN:241,(anonymous_3)
FN:243,(anonymous_4)
FN:250,(anonymous_5)
FN:251,(anonymous_6)
FN:252,(anonymous_7)
FN:253,(anonymous_8)
FN:256,(anonymous_9)
FN:258,(anonymous_10)
FN:285,(anonymous_11)
FN:306,(anonymous_12)
FNF:12
FNH:12
FNDA:16,GET
FNDA:15,(anonymous_2)
FNDA:75,(anonymous_3)
FNDA:42,(anonymous_4)
FNDA:6,(anonymous_5)
FNDA:3,(anonymous_6)
FNDA:6,(anonymous_7)
FNDA:7,(anonymous_8)
FNDA:60,(anonymous_9)
FNDA:8,(anonymous_10)
FNDA:4,(anonymous_11)
FNDA:4,(anonymous_12)
DA:2,1
DA:3,1
DA:33,1
DA:34,16
DA:35,16
DA:36,16
DA:37,16
DA:39,16
DA:41,15
DA:42,15
DA:43,15
DA:45,2
DA:47,1
DA:49,1
DA:51,11
DA:55,15
DA:59,15
DA:60,1
DA:63,15
DA:77,15
DA:88,15
DA:102,15
DA:118,15
DA:128,15
DA:187,15
DA:223,15
DA:233,15
DA:241,15
DA:242,75
DA:243,75
DA:244,75
DA:245,75
DA:246,75
DA:249,15
DA:250,6
DA:251,3
DA:252,6
DA:253,7
DA:256,60
DA:258,15
DA:265,15
DA:274,15
DA:285,4
DA:306,4
DA:313,15
DA:318,1
DA:319,1
LF:47
LH:47
BRDA:36,0,0,16
BRDA:36,0,1,12
BRDA:43,1,0,2
BRDA:43,1,1,1
BRDA:43,1,2,1
BRDA:43,1,3,11
BRDA:59,2,0,1
BRDA:59,2,1,14
BRDA:102,3,0,1
BRDA:102,3,1,14
BRDA:233,4,0,15
BRDA:233,4,1,1
BRDA:244,5,0,75
BRDA:244,5,1,62
BRDA:245,6,0,70
BRDA:245,6,1,5
BRDA:250,7,0,15
BRDA:250,7,1,12
BRDA:251,8,0,15
BRDA:251,8,1,13
BRDA:252,9,0,15
BRDA:252,9,1,13
BRDA:253,10,0,15
BRDA:253,10,1,15
BRDA:261,11,0,8
BRDA:261,11,1,0
BRDA:262,12,0,8
BRDA:262,12,1,0
BRDA:265,13,0,1
BRDA:265,13,1,14
BRDA:267,14,0,1
BRDA:267,14,1,0
BRDA:268,15,0,1
BRDA:268,15,1,0
BRDA:269,16,0,1
BRDA:269,16,1,0
BRDA:270,17,0,1
BRDA:270,17,1,0
BRDA:278,18,0,15
BRDA:278,18,1,1
BRDA:288,19,0,4
BRDA:288,19,1,0
BRDA:295,20,0,2
BRDA:295,20,1,13
BRDA:304,21,0,1
BRDA:304,21,1,14
BRDA:308,22,0,4
BRDA:308,22,1,0
BRF:48
BRH:40
end_of_record
TN:
SF:app/api/reviews/listing/[slug]/route.ts
FN:8,GET
FNF:1
FNH:1
FNDA:12,GET
DA:2,1
DA:3,1
DA:8,1
DA:12,12
DA:13,12
DA:14,12
DA:15,12
DA:16,12
DA:18,12
DA:20,11
DA:25,11
DA:27,11
DA:32,10
DA:42,2
LF:14
LH:14
BRDA:15,0,0,12
BRDA:15,0,1,10
BRDA:16,1,0,12
BRDA:16,1,1,9
BRF:4
BRH:4
end_of_record
TN:
SF:app/api/reviews/moderation/route.ts
FN:5,(anonymous_0)
FN:8,POST
FN:12,GET
FNF:3
FNH:0
FNDA:0,(anonymous_0)
FNDA:0,POST
FNDA:0,GET
DA:5,0
DA:6,0
DA:9,0
DA:13,0
LF:4
LH:0
BRF:0
BRH:0
end_of_record
TN:
SF:app/api/sanity-test/route.ts
FN:4,GET
FNF:1
FNH:0
FNDA:0,GET
DA:5,0
DA:6,0
DA:8,0
DA:9,0
DA:13,0
DA:14,0
DA:15,0
DA:21,0
DA:26,0
DA:27,0
DA:30,0
DA:39,0
DA:40,0
LF:13
LH:0
BRDA:8,0,0,0
BRDA:8,0,1,0
BRDA:13,1,0,0
BRDA:13,1,1,0
BRDA:26,2,0,0
BRDA:26,2,1,0
BRF:6
BRH:0
end_of_record
TN:
SF:app/api/search/route.ts
FN:34,buildWhereClause
FN:83,(anonymous_1)
FN:90,(anonymous_2)
FN:93,(anonymous_3)
FN:101,(anonymous_4)
FN:104,(anonymous_5)
FN:108,(anonymous_6)
FN:114,(anonymous_7)
FN:134,buildFacetBuckets
FN:139,(anonymous_9)
FN:157,(anonymous_10)
FN:157,(anonymous_11)
FN:166,buildQuery
FN:200,GET
FN:222,(anonymous_14)
FN:286,POST
FN:315,(anonymous_16)
FNF:17
FNH:0
FNDA:0,buildWhereClause
FNDA:0,(anonymous_1)
FNDA:0,(anonymous_2)
FNDA:0,(anonymous_3)
FNDA:0,(anonymous_4)
FNDA:0,(anonymous_5)
FNDA:0,(anonymous_6)
FNDA:0,(anonymous_7)
FNDA:0,buildFacetBuckets
FNDA:0,(anonymous_9)
FNDA:0,(anonymous_10)
FNDA:0,(anonymous_11)
FNDA:0,buildQuery
FNDA:0,GET
FNDA:0,(anonymous_14)
FNDA:0,POST
FNDA:0,(anonymous_16)
DA:15,0
DA:48,0
DA:49,0
DA:51,0
DA:57,0
DA:60,0
DA:61,0
DA:65,0
DA:70,0
DA:71,0
DA:72,0
DA:81,0
DA:82,0
DA:83,0
DA:85,0
DA:88,0
DA:89,0
DA:90,0
DA:92,0
DA:93,0
DA:95,0
DA:98,0
DA:100,0
DA:101,0
DA:103,0
DA:104,0
DA:107,0
DA:108,0
DA:110,0
DA:112,0
DA:113,0
DA:114,0
DA:116,0
DA:119,0
DA:135,0
DA:136,0
DA:137,0
DA:139,0
DA:140,0
DA:141,0
DA:142,0
DA:143,0
DA:146,0
DA:147,0
DA:148,0
DA:150,0
DA:151,0
DA:152,0
DA:157,0
DA:159,0
DA:183,0
DA:185,0
DA:187,0
DA:188,0
DA:190,0
DA:197,0
DA:201,0
DA:202,0
DA:203,0
DA:204,0
DA:205,0
DA:206,0
DA:208,0
DA:209,0
DA:210,0
DA:211,0
DA:213,0
DA:214,0
DA:215,0
DA:217,0
DA:218,0
DA:221,0
DA:222,0
DA:225,0
DA:236,0
DA:239,0
DA:241,0
DA:242,0
DA:253,0
DA:254,0
DA:255,0
DA:256,0
DA:257,0
DA:258,0
DA:259,0
DA:261,0
DA:280,0
DA:282,0
DA:287,0
DA:289,0
DA:290,0
DA:293,0
DA:296,0
DA:297,0
DA:298,0
DA:299,0
DA:301,0
DA:302,0
DA:303,0
DA:304,0
DA:306,0
DA:307,0
DA:308,0
DA:310,0
DA:311,0
DA:314,0
DA:315,0
DA:318,0
DA:329,0
DA:332,0
DA:334,0
DA:335,0
DA:337,0
DA:338,0
DA:340,0
DA:341,0
DA:342,0
DA:343,0
DA:344,0
DA:346,0
DA:365,0
DA:366,0
LF:122
LH:0
BRDA:51,0,0,0
BRDA:51,0,1,0
BRDA:52,1,0,0
BRDA:52,1,1,0
BRDA:52,1,2,0
BRDA:52,1,3,0
BRDA:60,2,0,0
BRDA:60,2,1,0
BRDA:70,3,0,0
BRDA:70,3,1,0
BRDA:81,4,0,0
BRDA:81,4,1,0
BRDA:88,5,0,0
BRDA:88,5,1,0
BRDA:98,6,0,0
BRDA:98,6,1,0
BRDA:112,7,0,0
BRDA:112,7,1,0
BRDA:140,8,0,0
BRDA:140,8,1,0
BRDA:142,9,0,0
BRDA:142,9,1,0
BRDA:143,10,0,0
BRDA:143,10,1,0
BRDA:150,11,0,0
BRDA:150,11,1,0
BRDA:203,12,0,0
BRDA:203,12,1,0
BRDA:204,13,0,0
BRDA:204,13,1,0
BRDA:204,14,0,0
BRDA:204,14,1,0
BRDA:205,15,0,0
BRDA:205,15,1,0
BRDA:205,16,0,0
BRDA:205,16,1,0
BRDA:206,17,0,0
BRDA:206,17,1,0
BRDA:213,18,0,0
BRDA:213,18,1,0
BRDA:217,19,0,0
BRDA:217,19,1,0
BRDA:217,20,0,0
BRDA:217,20,1,0
BRDA:221,21,0,0
BRDA:221,21,1,0
BRDA:254,22,0,0
BRDA:254,22,1,0
BRDA:258,23,0,0
BRDA:258,23,1,0
BRDA:258,24,0,0
BRDA:258,24,1,0
BRDA:259,25,0,0
BRDA:259,25,1,0
BRDA:267,26,0,0
BRDA:267,26,1,0
BRDA:270,27,0,0
BRDA:270,27,1,0
BRDA:296,28,0,0
BRDA:296,28,1,0
BRDA:297,29,0,0
BRDA:297,29,1,0
BRDA:298,30,0,0
BRDA:298,30,1,0
BRDA:306,31,0,0
BRDA:306,31,1,0
BRDA:307,32,0,0
BRDA:307,32,1,0
BRDA:308,33,0,0
BRDA:308,33,1,0
BRDA:310,34,0,0
BRDA:310,34,1,0
BRDA:310,35,0,0
BRDA:310,35,1,0
BRDA:314,36,0,0
BRDA:314,36,1,0
BRDA:338,37,0,0
BRDA:338,37,1,0
BRDA:343,38,0,0
BRDA:343,38,1,0
BRDA:343,39,0,0
BRDA:343,39,1,0
BRDA:344,40,0,0
BRDA:344,40,1,0
BRDA:352,41,0,0
BRDA:352,41,1,0
BRDA:355,42,0,0
BRDA:355,42,1,0
BRF:88
BRH:0
end_of_record
TN:
SF:app/api/search/suggestions/route.ts
FN:4,GET
FNF:1
FNH:0
FNDA:0,GET
DA:5,0
DA:6,0
DA:7,0
DA:8,0
DA:10,0
DA:11,0
DA:13,0
DA:14,0
DA:16,0
DA:17,0
DA:19,0
DA:20,0
DA:21,0
DA:22,0
LF:14
LH:0
BRDA:7,0,0,0
BRDA:7,0,1,0
BRDA:10,1,0,0
BRDA:10,1,1,0
BRDA:13,2,0,0
BRDA:13,2,1,0
BRDA:20,3,0,0
BRDA:20,3,1,0
BRDA:21,4,0,0
BRDA:21,4,1,0
BRF:10
BRH:0
end_of_record
TN:
SF:app/api/session/route.ts
FN:3,POST
FNF:1
FNH:0
FNDA:0,POST
DA:5,0
LF:1
LH:0
BRF:0
BRH:0
end_of_record
TN:
SF:app/api/test-listings/route.ts
FN:6,GET
FNF:1
FNH:0
FNDA:0,GET
DA:4,0
DA:7,0
DA:8,0
DA:10,0
DA:11,0
LF:5
LH:0
BRDA:7,0,0,0
BRDA:7,0,1,0
BRF:2
BRH:0
end_of_record
TN:
SF:app/api/test-mongodb/route.ts
FN:6,GET
FNF:1
FNH:0
FNDA:0,GET
DA:4,0
DA:5,0
DA:7,0
DA:9,0
DA:10,0
DA:12,0
DA:14,0
DA:15,0
LF:8
LH:0
BRDA:16,0,0,0
BRDA:16,0,1,0
BRDA:18,1,0,0
BRDA:18,1,1,0
BRF:4
BRH:0
end_of_record
TN:
SF:app/api/upload/route.ts
FN:6,POST
FNF:1
FNH:0
FNDA:0,POST
DA:7,0
DA:8,0
DA:13,0
DA:14,0
DA:17,0
DA:18,0
DA:19,0
DA:21,0
DA:22,0
DA:25,0
DA:27,0
DA:29,0
LF:12
LH:0
BRDA:13,0,0,0
BRDA:13,0,1,0
BRDA:21,1,0,0
BRDA:21,1,1,0
BRF:4
BRH:0
end_of_record
TN:
SF:app/api/user/analytics/route.ts
FN:17,normaliseMonthWindow
FN:30,createAnalyticsHandler
FN:31,GET
FNF:3
FNH:3
FNDA:5,normaliseMonthWindow
FNDA:8,createAnalyticsHandler
FNDA:6,GET
DA:1,1
DA:3,1
DA:5,1
DA:6,1
DA:7,1
DA:14,1
DA:15,1
DA:18,5
DA:19,1
DA:20,1
DA:21,1
DA:30,7
DA:31,8
DA:32,6
DA:33,6
DA:34,6
DA:41,6
DA:42,1
DA:45,5
DA:46,5
DA:48,5
DA:58,3
DA:59,1
DA:64,2
DA:65,1
DA:72,1
DA:78,1
DA:89,2
DA:99,2
DA:101,2
DA:102,2
DA:103,1
DA:105,1
DA:107,2
DA:112,1
LF:35
LH:35
BRDA:18,0,0,4
BRDA:18,0,1,1
BRDA:20,1,0,0
BRDA:20,1,1,1
BRDA:41,2,0,1
BRDA:41,2,1,5
BRDA:51,3,0,5
BRDA:51,3,1,0
BRDA:52,4,0,5
BRDA:52,4,1,0
BRDA:53,5,0,5
BRDA:53,5,1,0
BRDA:58,6,0,1
BRDA:58,6,1,2
BRDA:64,7,0,1
BRDA:64,7,1,1
BRDA:102,8,0,1
BRDA:102,8,1,1
BRF:18
BRH:14
end_of_record
TN:
SF:app/api/user/dashboard/route.ts
FN:13,normaliseMonthWindow
FN:26,createDashboardHandler
FN:27,GET
FNF:3
FNH:3
FNDA:11,normaliseMonthWindow
FNDA:8,createDashboardHandler
FNDA:6,GET
DA:1,1
DA:3,1
DA:5,1
DA:6,1
DA:7,1
DA:10,1
DA:11,1
DA:13,6
DA:14,11
DA:15,8
DA:16,8
DA:17,6
DA:26,7
DA:27,8
DA:28,6
DA:29,6
DA:30,6
DA:37,6
DA:38,1
DA:41,5
DA:42,5
DA:44,5
DA:54,3
DA:55,1
DA:58,2
DA:60,2
DA:61,2
DA:62,1
DA:66,1
DA:68,2
DA:73,1
LF:31
LH:31
BRDA:14,0,0,3
BRDA:14,0,1,8
BRDA:16,1,0,2
BRDA:16,1,1,6
BRDA:37,2,0,1
BRDA:37,2,1,5
BRDA:47,3,0,5
BRDA:47,3,1,0
BRDA:48,4,0,5
BRDA:48,4,1,0
BRDA:49,5,0,5
BRDA:49,5,1,0
BRDA:54,6,0,1
BRDA:54,6,1,2
BRDA:61,7,0,1
BRDA:61,7,1,1
BRF:16
BRH:13
end_of_record
TN:
SF:app/api/user/favorites/route.ts
FN:8,GET
FN:89,POST
FN:147,DELETE
FNF:3
FNH:0
FNDA:0,GET
FNDA:0,POST
FNDA:0,DELETE
DA:9,0
DA:11,0
DA:12,0
DA:14,0
DA:15,0
DA:18,0
DA:19,0
DA:26,0
DA:27,0
DA:31,0
DA:81,0
DA:83,0
DA:84,0
DA:90,0
DA:92,0
DA:93,0
DA:94,0
DA:96,0
DA:97,0
DA:100,0
DA:101,0
DA:102,0
DA:104,0
DA:105,0
DA:108,0
DA:115,0
DA:116,0
DA:120,0
DA:121,0
DA:122,0
DA:124,0
DA:126,0
DA:127,0
DA:135,0
DA:141,0
DA:142,0
DA:148,0
DA:150,0
DA:151,0
DA:153,0
DA:154,0
DA:157,0
DA:158,0
DA:159,0
DA:161,0
DA:162,0
DA:166,0
DA:167,0
DA:168,0
DA:170,0
DA:173,0
DA:178,0
DA:179,0
DA:180,0
DA:185,0
DA:191,0
DA:192,0
LF:57
LH:0
BRDA:14,0,0,0
BRDA:14,0,1,0
BRDA:21,1,0,0
BRDA:21,1,1,0
BRDA:22,2,0,0
BRDA:22,2,1,0
BRDA:23,3,0,0
BRDA:23,3,1,0
BRDA:26,4,0,0
BRDA:26,4,1,0
BRDA:94,5,0,0
BRDA:94,5,1,0
BRDA:96,6,0,0
BRDA:96,6,1,0
BRDA:104,7,0,0
BRDA:104,7,1,0
BRDA:104,8,0,0
BRDA:104,8,1,0
BRDA:110,9,0,0
BRDA:110,9,1,0
BRDA:111,10,0,0
BRDA:111,10,1,0
BRDA:115,11,0,0
BRDA:115,11,1,0
BRDA:121,12,0,0
BRDA:121,12,1,0
BRDA:153,13,0,0
BRDA:153,13,1,0
BRDA:161,14,0,0
BRDA:161,14,1,0
BRDA:161,15,0,0
BRDA:161,15,1,0
BRDA:167,16,0,0
BRDA:167,16,1,0
BRDA:178,17,0,0
BRDA:178,17,1,0
BRF:36
BRH:0
end_of_record
TN:
SF:app/api/user/favorites/[slug]/route.ts
FN:12,POST
FN:74,DELETE
FN:95,GET
FNF:3
FNH:0
FNDA:0,POST
FNDA:0,DELETE
FNDA:0,GET
DA:13,0
DA:15,0
DA:16,0
DA:17,0
DA:19,0
DA:20,0
DA:23,0
DA:24,0
DA:26,0
DA:27,0
DA:30,0
DA:37,0
DA:38,0
DA:42,0
DA:43,0
DA:44,0
DA:46,0
DA:49,0
DA:54,0
DA:56,0
DA:57,0
DA:60,0
DA:66,0
DA:69,0
DA:70,0
DA:75,0
DA:76,0
DA:77,0
DA:80,0
DA:81,0
DA:82,0
DA:85,0
DA:86,0
DA:87,0
DA:89,0
DA:90,0
DA:96,0
DA:98,0
DA:99,0
DA:101,0
DA:102,0
DA:105,0
DA:106,0
DA:108,0
DA:110,0
DA:111,0
DA:113,0
DA:115,0
DA:120,0
DA:122,0
DA:123,0
LF:51
LH:0
BRDA:17,0,0,0
BRDA:17,0,1,0
BRDA:19,1,0,0
BRDA:19,1,1,0
BRDA:26,2,0,0
BRDA:26,2,1,0
BRDA:32,3,0,0
BRDA:32,3,1,0
BRDA:33,4,0,0
BRDA:33,4,1,0
BRDA:37,5,0,0
BRDA:37,5,1,0
BRDA:43,6,0,0
BRDA:43,6,1,0
BRDA:54,7,0,0
BRDA:54,7,1,0
BRDA:76,8,0,0
BRDA:76,8,1,0
BRDA:81,9,0,0
BRDA:81,9,1,0
BRDA:101,10,0,0
BRDA:101,10,1,0
BRDA:108,11,0,0
BRDA:108,11,1,0
BRDA:113,12,0,0
BRDA:113,12,1,0
BRF:26
BRH:0
end_of_record
TN:
SF:app/api/user/profile/route.ts
FN:12,createProfileHandlers
FN:18,(anonymous_5)
FN:57,(anonymous_6)
FNF:3
FNH:3
FNDA:10,createProfileHandlers
FNDA:4,(anonymous_5)
FNDA:5,(anonymous_6)
DA:1,1
DA:3,1
DA:4,1
DA:12,9
DA:17,10
DA:19,4
DA:20,4
DA:22,4
DA:23,1
DA:29,3
DA:31,2
DA:32,1
DA:38,1
DA:49,1
DA:50,1
DA:58,5
DA:59,5
DA:61,5
DA:62,1
DA:68,4
DA:69,4
DA:71,4
DA:72,1
DA:78,3
DA:80,2
DA:81,1
DA:87,1
DA:101,1
DA:102,1
DA:115,1
DA:121,0
LF:31
LH:30
BRDA:22,0,0,1
BRDA:22,0,1,3
BRDA:31,1,0,1
BRDA:31,1,1,1
BRDA:61,2,0,1
BRDA:61,2,1,4
BRDA:71,3,0,1
BRDA:71,3,1,3
BRDA:71,4,0,4
BRDA:71,4,1,4
BRDA:80,5,0,1
BRDA:80,5,1,1
BRF:12
BRH:12
end_of_record
TN:
SF:app/api/user/reviews/route.ts
FN:49,normaliseSlug
FN:67,normaliseListing
FN:78,normaliseReview
FN:120,isDeletedStatus
FN:126,GET
FNF:5
FNH:0
FNDA:0,normaliseSlug
FNDA:0,normaliseListing
FNDA:0,normaliseReview
FNDA:0,isDeletedStatus
FNDA:0,GET
DA:50,0
DA:51,0
DA:54,0
DA:60,0
DA:61,0
DA:64,0
DA:68,0
DA:69,0
DA:70,0
DA:73,0
DA:75,0
DA:79,0
DA:80,0
DA:81,0
DA:84,0
DA:85,0
DA:92,0
DA:93,0
DA:94,0
DA:95,0
DA:98,0
DA:104,0
DA:110,0
DA:121,0
DA:122,0
DA:123,0
DA:127,0
DA:128,0
DA:129,0
DA:130,0
DA:132,0
DA:133,0
DA:136,0
DA:137,0
DA:140,0
DA:141,0
DA:142,0
DA:147,0
DA:148,0
DA:149,0
DA:150,0
DA:152,0
DA:153,0
DA:154,0
DA:158,0
DA:159,0
DA:162,0
DA:163,0
DA:165,0
DA:166,0
DA:171,0
DA:172,0
DA:173,0
DA:174,0
DA:175,0
DA:176,0
DA:180,0
DA:183,0
DA:185,0
DA:186,0
LF:60
LH:0
BRDA:50,0,0,0
BRDA:50,0,1,0
BRDA:50,1,0,0
BRDA:50,1,1,0
BRDA:54,2,0,0
BRDA:54,2,1,0
BRDA:55,3,0,0
BRDA:55,3,1,0
BRDA:55,3,2,0
BRDA:55,3,3,0
BRDA:60,4,0,0
BRDA:60,4,1,0
BRDA:61,5,0,0
BRDA:61,5,1,0
BRDA:69,6,0,0
BRDA:69,6,1,0
BRDA:73,7,0,0
BRDA:73,7,1,0
BRDA:73,8,0,0
BRDA:73,8,1,0
BRDA:80,9,0,0
BRDA:80,9,1,0
BRDA:80,10,0,0
BRDA:80,10,1,0
BRDA:84,11,0,0
BRDA:84,11,1,0
BRDA:85,12,0,0
BRDA:85,12,1,0
BRDA:87,13,0,0
BRDA:87,13,1,0
BRDA:87,14,0,0
BRDA:87,14,1,0
BRDA:92,15,0,0
BRDA:92,15,1,0
BRDA:92,16,0,0
BRDA:92,16,1,0
BRDA:94,17,0,0
BRDA:94,17,1,0
BRDA:94,18,0,0
BRDA:94,18,1,0
BRDA:94,18,2,0
BRDA:98,19,0,0
BRDA:98,19,1,0
BRDA:98,20,0,0
BRDA:98,20,1,0
BRDA:100,21,0,0
BRDA:100,21,1,0
BRDA:100,22,0,0
BRDA:100,22,1,0
BRDA:100,22,2,0
BRDA:104,23,0,0
BRDA:104,23,1,0
BRDA:106,24,0,0
BRDA:106,24,1,0
BRDA:106,25,0,0
BRDA:106,25,1,0
BRDA:106,25,2,0
BRDA:115,26,0,0
BRDA:115,26,1,0
BRDA:121,27,0,0
BRDA:121,27,1,0
BRDA:123,28,0,0
BRDA:123,28,1,0
BRDA:123,28,2,0
BRDA:129,29,0,0
BRDA:129,29,1,0
BRDA:130,30,0,0
BRDA:130,30,1,0
BRDA:132,31,0,0
BRDA:132,31,1,0
BRDA:136,32,0,0
BRDA:136,32,1,0
BRDA:149,33,0,0
BRDA:149,33,1,0
BRDA:153,34,0,0
BRDA:153,34,1,0
BRDA:158,35,0,0
BRDA:158,35,1,0
BRDA:175,36,0,0
BRDA:175,36,1,0
BRF:80
BRH:0
end_of_record
TN:
SF:app/auth/login/LoginForm.tsx
FN:11,LoginForm
FN:21,(anonymous_1)
FN:30,(anonymous_2)
FN:47,(anonymous_3)
FN:51,(anonymous_4)
FN:69,(anonymous_5)
FN:116,(anonymous_6)
FN:132,(anonymous_7)
FNF:8
FNH:0
FNDA:0,LoginForm
FNDA:0,(anonymous_1)
FNDA:0,(anonymous_2)
FNDA:0,(anonymous_3)
FNDA:0,(anonymous_4)
FNDA:0,(anonymous_5)
FNDA:0,(anonymous_6)
FNDA:0,(anonymous_7)
DA:12,0
DA:13,0
DA:14,0
DA:15,0
DA:16,0
DA:17,0
DA:18,0
DA:19,0
DA:21,0
DA:22,0
DA:23,0
DA:24,0
DA:27,0
DA:30,0
DA:31,0
DA:32,0
DA:33,0
DA:35,0
DA:37,0
DA:39,0
DA:41,0
DA:43,0
DA:47,0
DA:48,0
DA:51,0
DA:52,0
DA:53,0
DA:54,0
DA:55,0
DA:56,0
DA:57,0
DA:58,0
DA:59,0
DA:60,0
DA:62,0
DA:63,0
DA:64,0
DA:66,0
DA:69,0
DA:70,0
DA:71,0
DA:72,0
DA:73,0
DA:75,0
DA:76,0
DA:77,0
DA:83,0
DA:84,0
DA:89,0
DA:92,0
DA:93,0
DA:94,0
DA:95,0
DA:96,0
DA:97,0
DA:99,0
DA:102,0
DA:103,0
DA:105,0
DA:116,0
DA:132,0
LF:61
LH:0
BRDA:23,0,0,0
BRDA:23,0,1,0
BRDA:27,1,0,0
BRDA:27,1,1,0
BRDA:32,2,0,0
BRDA:32,2,1,0
BRDA:33,3,0,0
BRDA:33,3,1,0
BRDA:33,3,2,0
BRDA:33,3,3,0
BRDA:33,3,4,0
BRDA:48,4,0,0
BRDA:48,4,1,0
BRDA:58,5,0,0
BRDA:58,5,1,0
BRDA:58,6,0,0
BRDA:58,6,1,0
BRDA:62,7,0,0
BRDA:62,7,1,0
BRDA:62,8,0,0
BRDA:62,8,1,0
BRDA:72,9,0,0
BRDA:72,9,1,0
BRDA:83,10,0,0
BRDA:83,10,1,0
BRDA:85,11,0,0
BRDA:85,11,1,0
BRDA:92,12,0,0
BRDA:92,12,1,0
BRDA:93,13,0,0
BRDA:93,13,1,0
BRDA:95,14,0,0
BRDA:95,14,1,0
BRDA:96,15,0,0
BRDA:96,15,1,0
BRDA:111,16,0,0
BRDA:111,16,1,0
BRDA:123,17,0,0
BRDA:123,17,1,0
BRDA:125,18,0,0
BRDA:125,18,1,0
BRDA:139,19,0,0
BRDA:139,19,1,0
BRDA:141,20,0,0
BRDA:141,20,1,0
BRDA:144,21,0,0
BRDA:144,21,1,0
BRDA:150,22,0,0
BRDA:150,22,1,0
BRF:49
BRH:0
end_of_record
TN:
SF:app/auth/login/page.tsx
FN:18,LoginPage
FNF:1
FNH:0
FNDA:0,LoginPage
DA:19,0
DA:20,0
DA:21,0
DA:23,0
DA:25,0
DA:26,0
DA:28,0
DA:30,0
DA:31,0
LF:9
LH:0
BRDA:20,0,0,0
BRDA:20,0,1,0
BRDA:21,1,0,0
BRDA:21,1,1,0
BRDA:23,2,0,0
BRDA:23,2,1,0
BRDA:31,3,0,0
BRDA:31,3,1,0
BRF:8
BRH:0
end_of_record
TN:
SF:app/auth/signup/page.tsx
FN:12,SignupPage
FN:24,(anonymous_1)
FN:33,(anonymous_2)
FN:78,(anonymous_3)
FN:88,(anonymous_4)
FN:98,(anonymous_5)
FNF:6
FNH:0
FNDA:0,SignupPage
FNDA:0,(anonymous_1)
FNDA:0,(anonymous_2)
FNDA:0,(anonymous_3)
FNDA:0,(anonymous_4)
FNDA:0,(anonymous_5)
DA:13,0
DA:14,0
DA:15,0
DA:16,0
DA:18,0
DA:24,0
DA:25,0
DA:26,0
DA:27,0
DA:32,0
DA:33,0
DA:34,0
DA:35,0
DA:37,0
DA:78,0
DA:88,0
DA:98,0
LF:17
LH:0
BRDA:32,0,0,0
BRDA:32,0,1,0
BRDA:34,1,0,0
BRDA:34,1,1,0
BRDA:55,2,0,0
BRDA:55,2,1,0
BRDA:100,3,0,0
BRDA:115,4,0,0
BRDA:115,4,1,0
BRF:9
BRH:0
end_of_record
TN:
SF:app/cities/[slug]/page.tsx
FN:14,(anonymous_3)
FN:16,(anonymous_4)
FN:18,(anonymous_5)
FN:20,(anonymous_6)
FN:106,(anonymous_7)
FN:124,CityPage
FNF:6
FNH:5
FNDA:3,(anonymous_3)
FNDA:6,(anonymous_4)
FNDA:0,(anonymous_5)
FNDA:3,(anonymous_6)
FNDA:1,(anonymous_7)
FNDA:5,CityPage
DA:1,5
DA:2,5
DA:3,5
DA:4,5
DA:6,5
DA:7,5
DA:9,5
DA:14,5
DA:15,3
DA:16,6
DA:18,0
DA:20,5
DA:31,5
DA:33,5
DA:106,5
DA:107,1
DA:109,1
DA:110,1
DA:118,0
DA:124,5
DA:126,5
DA:128,5
DA:129,1
DA:130,1
DA:144,4
DA:145,4
DA:146,4
DA:147,3
DA:149,1
DA:157,4
DA:158,1
DA:171,3
DA:173,3
DA:174,2
DA:176,1
DA:177,1
DA:178,0
DA:180,1
DA:202,2
DA:203,2
DA:204,2
DA:205,2
DA:206,2
DA:207,1
DA:215,1
DA:218,0
LF:46
LH:42
BRDA:31,0,0,5
BRDA:31,0,1,4
BRDA:33,1,0,1
BRDA:33,1,1,4
BRDA:107,2,0,0
BRDA:107,2,1,1
BRDA:109,3,0,1
BRDA:109,3,1,0
BRDA:113,4,0,0
BRDA:113,4,1,1
BRDA:128,5,0,1
BRDA:128,5,1,4
BRDA:130,6,0,1
BRDA:130,6,1,0
BRDA:147,7,0,0
BRDA:147,7,1,3
BRDA:157,8,0,1
BRDA:157,8,1,3
BRDA:173,9,0,2
BRDA:173,9,1,1
BRDA:177,10,0,0
BRDA:177,10,1,1
BRDA:206,11,0,1
BRDA:206,11,1,1
BRF:24
BRH:18
end_of_record
TN:
SF:app/city/[slug]/error.tsx
FN:6,CityError
FN:15,(anonymous_1)
FN:18,(anonymous_2)
FNF:3
FNH:0
FNDA:0,CityError
FNDA:0,(anonymous_1)
FNDA:0,(anonymous_2)
DA:15,0
DA:18,0
LF:2
LH:0
BRDA:20,0,0,0
BRF:1
BRH:0
end_of_record
TN:
SF:app/city/[slug]/page.tsx
FN:8,LegacyCityAlias
FNF:1
FNH:0
FNDA:0,LegacyCityAlias
DA:9,0
LF:1
LH:0
BRF:0
BRH:0
end_of_record
TN:
SF:app/contact-us/page.tsx
FN:31,ContactForm
FN:46,(anonymous_6)
FN:52,(anonymous_7)
FN:66,(anonymous_8)
FN:139,(anonymous_9)
FN:165,(anonymous_10)
FN:194,(anonymous_11)
FN:229,(anonymous_12)
FN:257,(anonymous_13)
FN:289,(anonymous_14)
FN:352,ContactUsPage
FNF:11
FNH:10
FNDA:20,ContactForm
FNDA:4,(anonymous_6)
FNDA:4,(anonymous_7)
FNDA:4,(anonymous_8)
FNDA:0,(anonymous_9)
FNDA:1,(anonymous_10)
FNDA:1,(anonymous_11)
FNDA:1,(anonymous_12)
FNDA:1,(anonymous_13)
FNDA:2,(anonymous_14)
FNDA:4,ContactUsPage
DA:3,1
DA:4,1
DA:5,1
DA:6,1
DA:7,1
DA:8,1
DA:9,1
DA:10,1
DA:11,1
DA:12,1
DA:13,1
DA:14,1
DA:16,1
DA:20,1
DA:27,1
DA:32,20
DA:33,20
DA:34,20
DA:36,20
DA:37,20
DA:38,20
DA:39,20
DA:40,20
DA:41,20
DA:42,20
DA:43,20
DA:44,20
DA:46,20
DA:47,4
DA:48,4
DA:49,4
DA:52,20
DA:53,4
DA:54,4
DA:55,4
DA:57,4
DA:58,2
DA:59,2
DA:62,2
DA:63,2
DA:66,20
DA:67,4
DA:68,4
DA:69,2
DA:72,2
DA:73,2
DA:74,2
DA:76,2
DA:77,2
DA:79,2
DA:80,1
DA:81,1
DA:89,1
DA:90,1
DA:93,2
DA:94,2
DA:100,2
DA:102,2
DA:103,1
DA:104,1
DA:106,1
DA:107,1
DA:108,1
DA:109,1
DA:111,1
DA:112,1
DA:115,0
DA:116,0
DA:118,2
DA:139,0
DA:165,1
DA:194,1
DA:229,1
DA:257,1
DA:289,2
DA:352,1
LF:76
LH:73
BRDA:33,0,0,9
BRDA:33,0,1,11
BRDA:34,1,0,20
BRDA:34,1,1,20
BRDA:49,2,0,4
BRDA:49,2,1,4
BRDA:49,2,2,3
BRDA:53,3,0,2
BRDA:53,3,1,2
BRDA:54,4,0,2
BRDA:54,4,1,2
BRDA:57,5,0,2
BRDA:57,5,1,2
BRDA:68,6,0,2
BRDA:68,6,1,2
BRDA:79,7,0,1
BRDA:79,7,1,1
BRDA:102,8,0,1
BRDA:102,8,1,1
BRDA:103,9,0,1
BRDA:103,9,1,0
BRDA:111,10,0,1
BRDA:111,10,1,0
BRDA:152,11,0,11
BRDA:169,12,0,2
BRDA:169,12,1,9
BRDA:172,13,0,11
BRDA:204,14,0,2
BRDA:204,14,1,9
BRDA:207,15,0,11
BRDA:233,16,0,2
BRDA:233,16,1,9
BRDA:236,17,0,11
BRDA:262,18,0,2
BRDA:262,18,1,9
BRDA:265,19,0,11
BRDA:299,20,0,1
BRDA:299,20,1,8
BRDA:302,21,0,9
BRDA:316,22,0,20
BRDA:319,23,0,1
BRDA:319,23,1,1
BRDA:321,24,0,1
BRDA:321,24,1,1
BRDA:340,25,0,2
BRDA:340,25,1,18
BRF:46
BRH:44
end_of_record
TN:
SF:app/dashboard/page.tsx
FN:21,formatAvgRating
FN:28,formatCount
FN:35,DashboardSummaryCard
FN:49,VenueOwnerView
FN:113,(anonymous_8)
FN:157,(anonymous_9)
FN:176,(anonymous_10)
FN:185,RegularUserView
FN:232,(anonymous_12)
FN:274,(anonymous_13)
FN:290,DashboardPage
FNF:11
FNH:11
FNDA:5,formatAvgRating
FNDA:13,formatCount
FNDA:7,DashboardSummaryCard
FNDA:1,VenueOwnerView
FNDA:1,(anonymous_8)
FNDA:1,(anonymous_9)
FNDA:1,(anonymous_10)
FNDA:1,RegularUserView
FNDA:1,(anonymous_12)
FNDA:1,(anonymous_13)
FNDA:4,DashboardPage
DA:1,4
DA:3,4
DA:5,4
DA:6,4
DA:7,4
DA:8,4
DA:16,4
DA:22,5
DA:23,5
DA:25,0
DA:29,13
DA:30,2
DA:32,11
DA:114,1
DA:115,1
DA:158,1
DA:177,1
DA:233,1
DA:234,1
DA:275,1
DA:290,4
DA:291,4
DA:292,4
DA:299,4
DA:300,1
DA:303,3
DA:313,3
LF:27
LH:26
BRDA:22,0,0,5
BRDA:22,0,1,0
BRDA:22,1,0,5
BRDA:22,1,1,5
BRDA:29,2,0,2
BRDA:29,2,1,11
BRDA:29,3,0,13
BRDA:29,3,1,11
BRDA:78,4,0,0
BRDA:78,4,1,1
BRDA:106,5,0,0
BRDA:106,5,1,1
BRDA:114,6,0,1
BRDA:114,6,1,0
BRDA:119,7,0,1
BRDA:129,8,0,1
BRDA:129,8,1,0
BRDA:174,9,0,1
BRDA:225,10,0,0
BRDA:225,10,1,1
BRDA:233,11,0,1
BRDA:233,11,1,0
BRDA:238,12,0,1
BRDA:248,13,0,1
BRDA:248,13,1,0
BRDA:299,14,0,1
BRDA:299,14,1,3
BRDA:306,15,0,3
BRDA:306,15,1,0
BRDA:307,16,0,3
BRDA:307,16,1,0
BRDA:308,17,0,3
BRDA:308,17,1,2
BRDA:313,18,0,1
BRDA:313,18,1,2
BRDA:333,19,0,1
BRF:36
BRH:26
end_of_record
TN:
SF:app/dashboard/components/VenueListingForm.tsx
FN:107,toOptions
FN:112,(anonymous_1)
FN:123,(anonymous_2)
FN:126,VenueListingForm
FN:157,(anonymous_4)
FN:158,(anonymous_5)
FN:168,(anonymous_6)
FN:178,(anonymous_7)
FN:188,(anonymous_8)
FN:204,(anonymous_9)
FN:336,(anonymous_15)
FN:355,(anonymous_17)
FN:360,(anonymous_18)
FN:366,(anonymous_19)
FN:369,(anonymous_20)
FN:392,(anonymous_22)
FN:397,(anonymous_23)
FN:403,(anonymous_24)
FN:406,(anonymous_25)
FN:429,(anonymous_27)
FN:434,(anonymous_28)
FN:440,(anonymous_29)
FN:443,(anonymous_30)
FN:684,(anonymous_44)
FN:689,(anonymous_45)
FN:695,(anonymous_46)
FN:698,(anonymous_47)
FN:729,(anonymous_49)
FN:734,(anonymous_50)
FN:740,(anonymous_51)
FN:743,(anonymous_52)
FN:803,(anonymous_55)
FN:808,(anonymous_56)
FN:814,(anonymous_57)
FN:817,(anonymous_58)
FN:845,(anonymous_60)
FN:850,(anonymous_61)
FN:856,(anonymous_62)
FN:859,(anonymous_63)
FN:919,(anonymous_66)
FN:957,(anonymous_70)
FN:967,(anonymous_71)
FN:1058,(anonymous_77)
FN:1063,(anonymous_78)
FN:1069,(anonymous_79)
FN:1072,(anonymous_80)
FN:1103,(anonymous_82)
FN:1108,(anonymous_83)
FN:1114,(anonymous_84)
FN:1117,(anonymous_85)
FN:1147,(anonymous_87)
FN:1152,(anonymous_88)
FN:1158,(anonymous_89)
FN:1161,(anonymous_90)
FN:1189,(anonymous_92)
FN:1194,(anonymous_93)
FN:1200,(anonymous_94)
FN:1203,(anonymous_95)
FN:1231,(anonymous_97)
FN:1236,(anonymous_98)
FN:1242,(anonymous_99)
FN:1245,(anonymous_100)
FN:1354,(anonymous_108)
FN:1372,(anonymous_110)
FNF:64
FNH:0
FNDA:0,toOptions
FNDA:0,(anonymous_1)
FNDA:0,(anonymous_2)
FNDA:0,VenueListingForm
FNDA:0,(anonymous_4)
FNDA:0,(anonymous_5)
FNDA:0,(anonymous_6)
FNDA:0,(anonymous_7)
FNDA:0,(anonymous_8)
FNDA:0,(anonymous_9)
FNDA:0,(anonymous_15)
FNDA:0,(anonymous_17)
FNDA:0,(anonymous_18)
FNDA:0,(anonymous_19)
FNDA:0,(anonymous_20)
FNDA:0,(anonymous_22)
FNDA:0,(anonymous_23)
FNDA:0,(anonymous_24)
FNDA:0,(anonymous_25)
FNDA:0,(anonymous_27)
FNDA:0,(anonymous_28)
FNDA:0,(anonymous_29)
FNDA:0,(anonymous_30)
FNDA:0,(anonymous_44)
FNDA:0,(anonymous_45)
FNDA:0,(anonymous_46)
FNDA:0,(anonymous_47)
FNDA:0,(anonymous_49)
FNDA:0,(anonymous_50)
FNDA:0,(anonymous_51)
FNDA:0,(anonymous_52)
FNDA:0,(anonymous_55)
FNDA:0,(anonymous_56)
FNDA:0,(anonymous_57)
FNDA:0,(anonymous_58)
FNDA:0,(anonymous_60)
FNDA:0,(anonymous_61)
FNDA:0,(anonymous_62)
FNDA:0,(anonymous_63)
FNDA:0,(anonymous_66)
FNDA:0,(anonymous_70)
FNDA:0,(anonymous_71)
FNDA:0,(anonymous_77)
FNDA:0,(anonymous_78)
FNDA:0,(anonymous_79)
FNDA:0,(anonymous_80)
FNDA:0,(anonymous_82)
FNDA:0,(anonymous_83)
FNDA:0,(anonymous_84)
FNDA:0,(anonymous_85)
FNDA:0,(anonymous_87)
FNDA:0,(anonymous_88)
FNDA:0,(anonymous_89)
FNDA:0,(anonymous_90)
FNDA:0,(anonymous_92)
FNDA:0,(anonymous_93)
FNDA:0,(anonymous_94)
FNDA:0,(anonymous_95)
FNDA:0,(anonymous_97)
FNDA:0,(anonymous_98)
FNDA:0,(anonymous_99)
FNDA:0,(anonymous_100)
FNDA:0,(anonymous_108)
FNDA:0,(anonymous_110)
DA:14,0
DA:108,0
DA:109,0
DA:111,0
DA:113,0
DA:114,0
DA:116,0
DA:117,0
DA:118,0
DA:119,0
DA:121,0
DA:123,0
DA:127,0
DA:128,0
DA:129,0
DA:130,0
DA:131,0
DA:152,0
DA:157,0
DA:158,0
DA:159,0
DA:160,0
DA:161,0
DA:162,0
DA:164,0
DA:168,0
DA:169,0
DA:170,0
DA:171,0
DA:172,0
DA:174,0
DA:178,0
DA:179,0
DA:180,0
DA:181,0
DA:182,0
DA:184,0
DA:188,0
DA:189,0
DA:190,0
DA:191,0
DA:192,0
DA:194,0
DA:198,0
DA:199,0
DA:200,0
DA:201,0
DA:204,0
DA:205,0
DA:206,0
DA:208,0
DA:209,0
DA:210,0
DA:211,0
DA:212,0
DA:216,0
DA:217,0
DA:224,0
DA:225,0
DA:226,0
DA:229,0
DA:230,0
DA:231,0
DA:232,0
DA:236,0
DA:237,0
DA:241,0
DA:247,0
DA:249,0
DA:337,0
DA:356,0
DA:361,0
DA:367,0
DA:369,0
DA:393,0
DA:398,0
DA:404,0
DA:406,0
DA:430,0
DA:435,0
DA:441,0
DA:443,0
DA:685,0
DA:690,0
DA:696,0
DA:698,0
DA:730,0
DA:735,0
DA:741,0
DA:743,0
DA:804,0
DA:809,0
DA:815,0
DA:817,0
DA:846,0
DA:851,0
DA:857,0
DA:859,0
DA:920,0
DA:957,0
DA:967,0
DA:1059,0
DA:1064,0
DA:1070,0
DA:1072,0
DA:1104,0
DA:1109,0
DA:1115,0
DA:1117,0
DA:1148,0
DA:1153,0
DA:1159,0
DA:1161,0
DA:1190,0
DA:1195,0
DA:1201,0
DA:1203,0
DA:1232,0
DA:1237,0
DA:1243,0
DA:1245,0
DA:1354,0
DA:1372,0
LF:123
LH:0
BRDA:108,0,0,0
BRDA:108,0,1,0
BRDA:113,1,0,0
BRDA:113,1,1,0
BRDA:113,2,0,0
BRDA:113,2,1,0
BRDA:118,3,0,0
BRDA:118,3,1,0
BRDA:118,4,0,0
BRDA:118,4,1,0
BRDA:126,5,0,0
BRDA:148,6,0,0
BRDA:148,6,1,0
BRDA:172,7,0,0
BRDA:172,7,1,0
BRDA:182,8,0,0
BRDA:182,8,1,0
BRDA:209,9,0,0
BRDA:209,9,1,0
BRDA:225,10,0,0
BRDA:225,10,1,0
BRDA:226,11,0,0
BRDA:226,11,1,0
BRDA:243,12,0,0
BRDA:243,12,1,0
BRDA:244,13,0,0
BRDA:244,13,1,0
BRDA:367,14,0,0
BRDA:367,14,1,0
BRDA:368,15,0,0
BRDA:368,15,1,0
BRDA:404,16,0,0
BRDA:404,16,1,0
BRDA:405,17,0,0
BRDA:405,17,1,0
BRDA:441,18,0,0
BRDA:441,18,1,0
BRDA:442,19,0,0
BRDA:442,19,1,0
BRDA:459,20,0,0
BRDA:531,21,0,0
BRDA:696,22,0,0
BRDA:696,22,1,0
BRDA:697,23,0,0
BRDA:697,23,1,0
BRDA:741,24,0,0
BRDA:741,24,1,0
BRDA:742,25,0,0
BRDA:742,25,1,0
BRDA:761,26,0,0
BRDA:815,27,0,0
BRDA:815,27,1,0
BRDA:816,28,0,0
BRDA:816,28,1,0
BRDA:857,29,0,0
BRDA:857,29,1,0
BRDA:858,30,0,0
BRDA:858,30,1,0
BRDA:914,31,0,0
BRDA:1001,32,0,0
BRDA:1070,33,0,0
BRDA:1070,33,1,0
BRDA:1071,34,0,0
BRDA:1071,34,1,0
BRDA:1115,35,0,0
BRDA:1115,35,1,0
BRDA:1116,36,0,0
BRDA:1116,36,1,0
BRDA:1159,37,0,0
BRDA:1159,37,1,0
BRDA:1160,38,0,0
BRDA:1160,38,1,0
BRDA:1201,39,0,0
BRDA:1201,39,1,0
BRDA:1202,40,0,0
BRDA:1202,40,1,0
BRDA:1243,41,0,0
BRDA:1243,41,1,0
BRDA:1244,42,0,0
BRDA:1244,42,1,0
BRDA:1354,43,0,0
BRDA:1354,43,1,0
BRDA:1372,44,0,0
BRDA:1372,44,1,0
BRDA:1381,45,0,0
BRDA:1381,45,1,0
BRF:86
BRH:0
end_of_record
TN:
SF:app/dashboard/components/VenueListingManagement.tsx
FN:15,VenueListingManagement
FN:20,(anonymous_1)
FN:21,(anonymous_2)
FN:29,(anonymous_3)
FN:51,(anonymous_4)
FN:62,(anonymous_5)
FN:95,(anonymous_6)
FN:107,(anonymous_7)
FNF:8
FNH:0
FNDA:0,VenueListingManagement
FNDA:0,(anonymous_1)
FNDA:0,(anonymous_2)
FNDA:0,(anonymous_3)
FNDA:0,(anonymous_4)
FNDA:0,(anonymous_5)
FNDA:0,(anonymous_6)
FNDA:0,(anonymous_7)
DA:16,0
DA:17,0
DA:18,0
DA:20,0
DA:21,0
DA:22,0
DA:23,0
DA:24,0
DA:25,0
DA:27,0
DA:28,0
DA:30,0
DA:40,0
DA:42,0
DA:44,0
DA:48,0
DA:51,0
DA:52,0
DA:53,0
DA:54,0
DA:58,0
DA:59,0
DA:62,0
DA:64,0
DA:69,0
DA:73,0
DA:96,0
DA:107,0
LF:28
LH:0
BRDA:24,0,0,0
BRDA:24,0,1,0
BRDA:28,1,0,0
BRDA:28,1,1,0
BRDA:31,2,0,0
BRDA:31,2,1,0
BRDA:31,2,2,0
BRDA:31,2,3,0
BRDA:31,2,4,0
BRDA:31,2,5,0
BRDA:42,3,0,0
BRDA:42,3,1,0
BRDA:52,4,0,0
BRDA:52,4,1,0
BRDA:58,5,0,0
BRDA:58,5,1,0
BRDA:64,6,0,0
BRDA:64,6,1,0
BRDA:69,7,0,0
BRDA:69,7,1,0
BRDA:73,8,0,0
BRDA:73,8,1,0
BRF:22
BRH:0
end_of_record
TN:
SF:app/dashboard/listings/page.tsx
FN:6,VenueListingsPage
FNF:1
FNH:1
FNDA:2,VenueListingsPage
DA:2,2
DA:3,2
DA:4,2
DA:6,2
DA:7,2
DA:8,2
DA:13,2
DA:14,1
LF:8
LH:8
BRDA:13,0,0,1
BRDA:13,0,1,1
BRF:2
BRH:2
end_of_record
TN:
SF:app/dashboard/listings/edit/[id]/page.tsx
FN:9,EditListingPage
FN:19,(anonymous_1)
FN:21,(anonymous_2)
FN:40,(anonymous_3)
FNF:4
FNH:0
FNDA:0,EditListingPage
FNDA:0,(anonymous_1)
FNDA:0,(anonymous_2)
FNDA:0,(anonymous_3)
DA:10,0
DA:11,0
DA:12,0
DA:13,0
DA:14,0
DA:15,0
DA:16,0
DA:17,0
DA:19,0
DA:20,0
DA:21,0
DA:22,0
DA:23,0
DA:24,0
DA:25,0
DA:27,0
DA:28,0
DA:30,0
DA:32,0
DA:36,0
DA:40,0
DA:41,0
DA:42,0
DA:43,0
DA:44,0
DA:46,0
DA:54,0
DA:55,0
DA:58,0
DA:60,0
DA:62,0
DA:66,0
DA:70,0
LF:33
LH:0
BRDA:13,0,0,0
BRDA:13,0,1,0
BRDA:20,1,0,0
BRDA:20,1,1,0
BRDA:24,2,0,0
BRDA:24,2,1,0
BRDA:30,3,0,0
BRDA:30,3,1,0
BRDA:43,4,0,0
BRDA:43,4,1,0
BRDA:54,5,0,0
BRDA:54,5,1,0
BRDA:60,6,0,0
BRDA:60,6,1,0
BRDA:66,7,0,0
BRDA:66,7,1,0
BRDA:70,8,0,0
BRDA:70,8,1,0
BRDA:77,9,0,0
BRDA:78,10,0,0
BRF:20
BRH:0
end_of_record
TN:
SF:app/dashboard/listings/new/page.tsx
FN:9,NewListingPage
FN:13,(anonymous_1)
FNF:2
FNH:0
FNDA:0,NewListingPage
FNDA:0,(anonymous_1)
DA:10,0
DA:11,0
DA:13,0
DA:14,0
DA:15,0
DA:23,0
DA:24,0
DA:27,0
DA:29,0
LF:9
LH:0
BRDA:23,0,0,0
BRDA:23,0,1,0
BRDA:29,1,0,0
BRDA:29,1,1,0
BRDA:36,2,0,0
BRF:5
BRH:0
end_of_record
TN:
SF:app/listings/[slug]/layout.tsx
FN:4,ListingSlugLayout
FNF:1
FNH:0
FNDA:0,ListingSlugLayout
LF:0
LH:0
BRF:0
BRH:0
end_of_record
TN:
SF:app/listings/[slug]/page.tsx
FN:67,isPriceRange
FN:71,cloneFixture
FN:76,(anonymous_9)
FN:93,extractTagNames
FN:149,fetchListingBySlug
FN:160,fetchRelatedListings
FN:165,fetchRelatedListings
FN:178,(anonymous_14)
FN:204,fetchReviews
FN:258,checkIsFavorited
FN:269,ListingPage
FN:299,(anonymous_18)
FN:333,generateMetadata
FNF:13
FNH:9
FNDA:0,isPriceRange
FNDA:1,cloneFixture
FNDA:3,(anonymous_9)
FNDA:0,extractTagNames
FNDA:5,fetchListingBySlug
FNDA:2,fetchRelatedListings
FNDA:0,fetchRelatedListings
FNDA:0,(anonymous_14)
FNDA:2,fetchReviews
FNDA:2,checkIsFavorited
FNDA:5,ListingPage
FNDA:3,(anonymous_18)
FNDA:2,generateMetadata
DA:1,7
DA:2,7
DA:3,7
DA:4,7
DA:5,7
DA:6,7
DA:11,7
DA:12,7
DA:13,7
DA:54,7
DA:55,7
DA:57,7
DA:68,0
DA:72,1
DA:73,1
DA:74,0
DA:76,1
DA:77,3
DA:78,3
DA:80,0
DA:84,1
DA:96,0
DA:97,0
DA:98,0
DA:99,0
DA:100,0
DA:101,0
DA:103,0
DA:104,0
DA:107,0
DA:110,7
DA:137,7
DA:147,7
DA:150,5
DA:151,5
DA:152,4
DA:153,4
DA:155,1
DA:156,1
DA:161,2
DA:164,2
DA:166,0
DA:176,0
DA:177,0
DA:178,0
DA:179,0
DA:183,0
DA:194,0
DA:195,0
DA:199,0
DA:200,0
DA:205,2
DA:206,2
DA:207,2
DA:208,2
DA:209,2
DA:211,2
DA:212,1
DA:213,0
DA:215,1
DA:216,1
DA:217,1
DA:219,1
DA:220,1
DA:221,1
DA:222,1
DA:223,0
DA:226,1
DA:227,1
DA:229,1
DA:234,1
DA:235,1
DA:237,1
DA:240,1
DA:242,1
DA:251,1
DA:253,1
DA:254,1
DA:259,2
DA:260,2
DA:261,2
DA:262,1
DA:264,1
DA:265,1
DA:269,5
DA:270,5
DA:272,5
DA:273,2
DA:274,0
DA:277,2
DA:278,2
DA:280,1
DA:299,3
DA:300,3
DA:301,3
DA:302,3
DA:304,2
DA:305,2
DA:306,2
DA:307,2
DA:309,2
DA:333,2
DA:334,2
DA:335,2
DA:337,2
DA:338,1
DA:341,1
DA:342,1
DA:343,1
DA:345,1
LF:110
LH:85
BRDA:54,0,0,7
BRDA:54,0,1,5
BRDA:68,1,0,0
BRDA:68,1,1,0
BRDA:68,1,2,0
BRDA:73,2,0,0
BRDA:73,2,1,1
BRDA:73,3,0,1
BRDA:73,3,1,1
BRDA:77,4,0,3
BRDA:77,4,1,0
BRDA:77,5,0,3
BRDA:77,5,1,3
BRDA:78,6,0,3
BRDA:78,6,1,0
BRDA:86,7,0,1
BRDA:86,7,1,0
BRDA:87,8,0,1
BRDA:87,8,1,0
BRDA:96,9,0,0
BRDA:96,9,1,0
BRDA:99,10,0,0
BRDA:99,10,1,0
BRDA:99,11,0,0
BRDA:99,11,1,0
BRDA:103,12,0,0
BRDA:103,12,1,0
BRDA:103,13,0,0
BRDA:103,13,1,0
BRDA:103,13,2,0
BRDA:103,13,3,0
BRDA:151,14,0,1
BRDA:151,14,1,4
BRDA:161,15,0,0
BRDA:161,15,1,2
BRDA:166,16,0,0
BRDA:166,16,1,0
BRDA:179,17,0,0
BRDA:179,17,1,0
BRDA:184,18,0,0
BRDA:184,18,1,0
BRDA:185,19,0,0
BRDA:185,19,1,0
BRDA:186,20,0,0
BRDA:186,20,1,0
BRDA:187,21,0,0
BRDA:187,21,1,0
BRDA:188,22,0,0
BRDA:188,22,1,0
BRDA:206,23,0,2
BRDA:206,23,1,2
BRDA:208,24,0,2
BRDA:208,24,1,0
BRDA:212,25,0,0
BRDA:212,25,1,1
BRDA:216,26,0,1
BRDA:216,26,1,0
BRDA:220,27,0,1
BRDA:220,27,1,0
BRDA:220,28,0,0
BRDA:220,28,1,0
BRDA:222,29,0,0
BRDA:222,29,1,1
BRDA:222,30,0,1
BRDA:222,30,1,1
BRDA:222,30,2,1
BRDA:226,31,0,0
BRDA:226,31,1,1
BRDA:227,32,0,1
BRDA:227,32,1,0
BRDA:229,33,0,1
BRDA:229,33,1,0
BRDA:231,34,0,0
BRDA:231,34,1,0
BRDA:234,35,0,1
BRDA:234,35,1,0
BRDA:235,36,0,1
BRDA:235,36,1,0
BRDA:237,37,0,1
BRDA:237,37,1,0
BRDA:237,38,0,1
BRDA:237,38,1,1
BRDA:240,39,0,1
BRDA:240,39,1,0
BRDA:240,40,0,0
BRDA:240,40,1,0
BRDA:259,41,0,0
BRDA:259,41,1,2
BRDA:272,42,0,2
BRDA:272,42,1,3
BRDA:273,43,0,0
BRDA:273,43,1,2
BRDA:278,44,0,1
BRDA:278,44,1,1
BRDA:302,45,0,1
BRDA:302,45,1,2
BRDA:307,46,0,2
BRDA:307,46,1,2
BRDA:337,47,0,1
BRDA:337,47,1,1
BRDA:341,48,0,1
BRDA:341,48,1,0
BRDA:341,48,2,0
BRDA:342,49,0,1
BRDA:342,49,1,0
BRDA:343,50,0,1
BRDA:343,50,1,0
BRDA:343,50,2,0
BRDA:351,51,0,1
BRDA:351,51,1,0
BRF:110
BRH:49
end_of_record
TN:
SF:app/newsletter/confirmed/page.tsx
FN:11,Content
FN:55,NewsletterConfirmedPage
FNF:2
FNH:2
FNDA:3,Content
FNDA:3,NewsletterConfirmedPage
DA:3,1
DA:4,1
DA:5,1
DA:6,1
DA:7,1
DA:8,1
DA:9,1
DA:12,3
DA:13,3
DA:15,3
DA:16,3
DA:17,3
DA:19,3
DA:20,1
DA:21,1
DA:22,1
DA:23,2
DA:24,1
DA:25,1
DA:26,1
DA:29,3
DA:55,1
LF:22
LH:22
BRDA:13,0,0,3
BRDA:13,0,1,1
BRDA:19,1,0,1
BRDA:19,1,1,2
BRDA:23,2,0,1
BRDA:23,2,1,1
BRF:6
BRH:6
end_of_record
TN:
SF:app/profile/FavoriteListingsShowcase.tsx
FN:41,toLabel
FN:47,(anonymous_1)
FN:51,FavoriteListingsShowcase
FN:60,(anonymous_3)
FN:148,(anonymous_4)
FN:148,(anonymous_5)
FN:164,(anonymous_6)
FN:174,(anonymous_7)
FN:206,(anonymous_8)
FN:223,(anonymous_9)
FNF:10
FNH:0
FNDA:0,toLabel
FNDA:0,(anonymous_1)
FNDA:0,FavoriteListingsShowcase
FNDA:0,(anonymous_3)
FNDA:0,(anonymous_4)
FNDA:0,(anonymous_5)
FNDA:0,(anonymous_6)
FNDA:0,(anonymous_7)
FNDA:0,(anonymous_8)
FNDA:0,(anonymous_9)
DA:19,0
DA:27,0
DA:35,0
DA:42,0
DA:43,0
DA:44,0
DA:47,0
DA:52,0
DA:54,0
DA:55,0
DA:61,0
DA:62,0
DA:63,0
DA:64,0
DA:65,0
DA:66,0
DA:67,0
DA:68,0
DA:73,0
DA:76,0
DA:148,0
DA:164,0
DA:175,0
DA:207,0
DA:224,0
LF:25
LH:0
BRDA:42,0,0,0
BRDA:42,0,1,0
BRDA:43,1,0,0
BRDA:43,1,1,0
BRDA:54,2,0,0
BRDA:54,2,1,0
BRDA:64,3,0,0
BRDA:64,3,1,0
BRDA:66,4,0,0
BRDA:66,4,1,0
BRDA:67,5,0,0
BRDA:67,5,1,0
BRDA:73,6,0,0
BRDA:73,6,1,0
BRDA:88,7,0,0
BRDA:90,8,0,0
BRDA:90,8,1,0
BRDA:109,9,0,0
BRDA:114,10,0,0
BRDA:122,11,0,0
BRDA:126,12,0,0
BRDA:126,12,1,0
BRDA:129,13,0,0
BRDA:136,14,0,0
BRDA:148,15,0,0
BRDA:148,15,1,0
BRDA:153,16,0,0
BRDA:153,16,1,0
BRDA:155,17,0,0
BRDA:155,17,1,0
BRDA:172,18,0,0
BRDA:191,19,0,0
BRDA:191,19,1,0
BRDA:192,20,0,0
BRDA:192,20,1,0
BRDA:205,21,0,0
BRDA:222,22,0,0
BRF:37
BRH:0
end_of_record
TN:
SF:app/profile/page.tsx
FN:36,ProfilePage
FN:52,(anonymous_3)
FN:65,(anonymous_4)
FN:68,(anonymous_5)
FN:79,(anonymous_6)
FN:91,(anonymous_7)
FN:96,(anonymous_8)
FN:99,(anonymous_9)
FN:109,(anonymous_10)
FN:125,(anonymous_11)
FN:130,(anonymous_12)
FN:135,(anonymous_13)
FN:139,(anonymous_14)
FN:142,(anonymous_15)
FN:142,(anonymous_16)
FN:228,(anonymous_17)
FN:245,(anonymous_18)
FN:268,(anonymous_19)
FN:322,(anonymous_20)
FN:344,(anonymous_21)
FN:347,(anonymous_22)
FN:385,(anonymous_23)
FNF:22
FNH:18
FNDA:12,ProfilePage
FNDA:0,(anonymous_3)
FNDA:5,(anonymous_4)
FNDA:3,(anonymous_5)
FNDA:1,(anonymous_6)
FNDA:3,(anonymous_7)
FNDA:5,(anonymous_8)
FNDA:1,(anonymous_9)
FNDA:0,(anonymous_10)
FNDA:1,(anonymous_11)
FNDA:5,(anonymous_12)
FNDA:4,(anonymous_13)
FNDA:1,(anonymous_14)
FNDA:1,(anonymous_15)
FNDA:1,(anonymous_16)
FNDA:0,(anonymous_17)
FNDA:0,(anonymous_18)
FNDA:9,(anonymous_19)
FNDA:2,(anonymous_20)
FNDA:1,(anonymous_21)
FNDA:1,(anonymous_22)
FNDA:1,(anonymous_23)
DA:3,1
DA:4,1
DA:5,1
DA:6,1
DA:7,1
DA:8,1
DA:15,1
DA:16,1
DA:17,1
DA:18,1
DA:19,1
DA:26,1
DA:28,1
DA:36,5
DA:37,12
DA:38,12
DA:39,12
DA:40,12
DA:41,12
DA:43,12
DA:44,12
DA:45,12
DA:46,12
DA:48,12
DA:49,12
DA:50,12
DA:52,12
DA:53,0
DA:55,0
DA:56,0
DA:58,0
DA:60,0
DA:61,0
DA:65,12
DA:66,5
DA:67,3
DA:68,3
DA:69,3
DA:70,3
DA:71,3
DA:72,3
DA:73,3
DA:74,1
DA:76,2
DA:77,2
DA:79,1
DA:80,2
DA:82,1
DA:83,1
DA:86,3
DA:90,3
DA:91,3
DA:92,3
DA:96,12
DA:97,5
DA:98,1
DA:99,1
DA:100,1
DA:101,1
DA:102,1
DA:103,1
DA:104,1
DA:105,0
DA:106,0
DA:107,0
DA:109,0
DA:110,0
DA:111,0
DA:113,1
DA:114,1
DA:116,0
DA:117,0
DA:120,1
DA:124,1
DA:125,1
DA:126,1
DA:130,12
DA:131,5
DA:132,5
DA:133,3
DA:135,4
DA:139,12
DA:140,1
DA:142,1
DA:144,1
DA:145,1
DA:150,1
DA:152,0
DA:153,0
DA:157,0
DA:158,0
DA:228,0
DA:245,0
DA:269,9
DA:323,2
DA:346,1
DA:347,1
DA:350,1
DA:386,1
LF:99
LH:79
BRDA:39,0,0,12
BRDA:39,0,1,2
BRDA:39,0,2,2
BRDA:40,1,0,12
BRDA:40,1,1,5
BRDA:41,2,0,12
BRDA:41,2,1,2
BRDA:66,3,0,2
BRDA:66,3,1,3
BRDA:73,4,0,1
BRDA:73,4,1,2
BRDA:77,5,0,2
BRDA:77,5,1,0
BRDA:82,6,0,1
BRDA:82,6,1,0
BRDA:82,7,0,1
BRDA:82,7,1,0
BRDA:97,8,0,4
BRDA:97,8,1,1
BRDA:97,9,0,5
BRDA:97,9,1,3
BRDA:104,10,0,0
BRDA:104,10,1,1
BRDA:105,11,0,0
BRDA:105,11,1,0
BRDA:105,12,0,0
BRDA:105,12,1,0
BRDA:110,13,0,0
BRDA:110,13,1,0
BRDA:116,14,0,0
BRDA:116,14,1,0
BRDA:116,15,0,0
BRDA:116,15,1,0
BRDA:131,16,0,5
BRDA:131,16,1,2
BRDA:131,16,2,2
BRDA:132,17,0,2
BRDA:132,17,1,3
BRDA:150,18,0,0
BRDA:150,18,1,1
BRDA:167,19,0,1
BRDA:172,20,0,1
BRDA:194,21,0,4
BRDA:213,22,0,3
BRDA:213,22,1,7
BRDA:216,23,0,10
BRDA:232,24,0,0
BRDA:232,24,1,10
BRDA:240,25,0,10
BRDA:243,26,0,0
BRDA:243,26,1,0
BRDA:267,27,0,3
BRDA:276,28,0,1
BRDA:283,29,0,5
BRDA:301,30,0,10
BRDA:321,31,0,1
BRDA:330,32,0,0
BRDA:336,33,0,1
BRDA:346,34,0,1
BRDA:346,34,1,0
BRDA:364,35,0,1
BRDA:368,36,0,1
BRDA:368,36,1,0
BRDA:380,37,0,0
BRDA:391,38,0,0
BRDA:400,39,0,1
BRDA:400,39,1,0
BRDA:414,40,0,1
BRF:68
BRH:44
end_of_record
TN:
SF:app/profile/utils.ts
FN:90,toNonEmptyString
FN:96,toTagList
FN:113,extractImage
FN:136,normaliseFavorite
FN:172,normaliseOwnerReviews
FN:201,formatDate
FNF:6
FNH:5
FNDA:35,toNonEmptyString
FNDA:4,toTagList
FNDA:2,extractImage
FNDA:3,normaliseFavorite
FNDA:4,normaliseOwnerReviews
FNDA:0,formatDate
DA:86,1
DA:88,1
DA:91,35
DA:92,23
DA:93,23
DA:97,4
DA:98,2
DA:99,2
DA:100,2
DA:101,0
DA:102,0
DA:103,0
DA:105,2
DA:106,2
DA:107,2
DA:110,2
DA:114,2
DA:115,2
DA:116,2
DA:117,2
DA:118,1
DA:120,1
DA:121,1
DA:122,1
DA:123,1
DA:124,1
DA:125,1
DA:136,3
DA:137,3
DA:138,3
DA:139,3
DA:140,3
DA:141,2
DA:142,2
DA:143,2
DA:144,2
DA:145,2
DA:146,2
DA:147,2
DA:148,2
DA:151,2
DA:152,2
DA:154,2
DA:172,4
DA:173,4
DA:174,1
DA:175,1
DA:176,3
DA:177,3
DA:178,2
DA:179,2
DA:180,2
DA:181,2
DA:182,3
DA:183,3
DA:184,2
DA:185,2
DA:186,2
DA:196,2
DA:198,1
DA:201,0
DA:202,0
DA:203,0
DA:204,0
DA:205,0
LF:65
LH:57
BRDA:91,0,0,12
BRDA:91,0,1,23
BRDA:93,1,0,20
BRDA:93,1,1,3
BRDA:97,2,0,2
BRDA:97,2,1,2
BRDA:100,3,0,0
BRDA:100,3,1,2
BRDA:102,4,0,0
BRDA:102,4,1,0
BRDA:105,5,0,2
BRDA:105,5,1,0
BRDA:105,6,0,2
BRDA:105,6,1,2
BRDA:105,6,2,2
BRDA:107,7,0,2
BRDA:107,7,1,0
BRDA:114,8,0,2
BRDA:114,8,1,2
BRDA:114,8,2,0
BRDA:115,9,0,2
BRDA:115,9,1,0
BRDA:116,10,0,2
BRDA:116,10,1,0
BRDA:117,11,0,1
BRDA:117,11,1,1
BRDA:117,12,0,2
BRDA:117,12,1,1
BRDA:122,13,0,1
BRDA:122,13,1,0
BRDA:122,14,0,1
BRDA:122,14,1,1
BRDA:122,14,2,1
BRDA:123,15,0,1
BRDA:123,15,1,0
BRDA:123,16,0,1
BRDA:123,16,1,1
BRDA:123,16,2,1
BRDA:137,17,0,0
BRDA:137,17,1,3
BRDA:138,18,0,3
BRDA:138,18,1,0
BRDA:139,19,0,3
BRDA:139,19,1,0
BRDA:140,20,0,1
BRDA:140,20,1,2
BRDA:141,21,0,2
BRDA:141,21,1,1
BRDA:143,22,0,2
BRDA:143,22,1,2
BRDA:148,23,0,1
BRDA:148,23,1,1
BRDA:148,24,0,2
BRDA:148,24,1,1
BRDA:156,25,0,2
BRDA:156,25,1,1
BRDA:173,26,0,3
BRDA:173,26,1,1
BRDA:177,27,0,1
BRDA:177,27,1,2
BRDA:178,28,0,2
BRDA:178,28,1,1
BRDA:180,29,0,2
BRDA:180,29,1,0
BRDA:183,30,0,1
BRDA:183,30,1,2
BRDA:184,31,0,2
BRDA:184,31,1,0
BRDA:185,32,0,0
BRDA:185,32,1,2
BRDA:202,33,0,0
BRDA:202,33,1,0
BRDA:204,34,0,0
BRDA:204,34,1,0
BRF:74
BRH:54
end_of_record
TN:
SF:app/search/page.tsx
FN:10,SearchPage
FNF:1
FNH:0
FNDA:0,SearchPage
DA:8,0
DA:11,0
LF:2
LH:0
BRDA:11,0,0,0
BRDA:11,0,1,0
BRF:2
BRH:0
end_of_record
TN:
SF:app/search/results/page.tsx
FN:62,extractTagNames
FN:79,mapResultToDTO
FN:115,buildLink
FN:119,(anonymous_3)
FN:130,ResultsPage
FN:141,(anonymous_5)
FN:198,(anonymous_6)
FN:227,(anonymous_7)
FN:233,getPages
FN:234,(anonymous_9)
[...]
DA:2,7
DA:42,7
DA:61,7
DA:62,0
DA:63,0
DA:65,0
DA:69,7
DA:73,7
DA:75,7
LF:9
LH:6
BRDA:62,0,0,0
BRDA:62,0,1,0
BRDA:62,1,0,0
BRDA:62,1,1,0
BRDA:73,2,0,7
BRDA:73,2,1,7
BRF:6
BRH:2
end_of_record
TN:
SF:src/scripts/analyze-content.ts
FN:40,analyzeContent
FN:66,(anonymous_1)
FN:82,(anonymous_2)
FNF:3
FNH:0
FNDA:0,analyzeContent
FNDA:0,(anonymous_1)
FNDA:0,(anonymous_2)
DA:4,0
DA:27,0
DA:28,0
DA:29,0
DA:42,0
DA:45,0
DA:59,0
DA:66,0
DA:68,0
DA:69,0
DA:71,0
DA:72,0
DA:81,0
DA:82,0
DA:86,0
DA:87,0
DA:96,0
DA:97,0
DA:98,0
DA:99,0
DA:101,0
DA:102,0
DA:105,0
DA:106,0
DA:107,0
DA:109,0
DA:110,0
DA:122,0
DA:123,0
DA:124,0
DA:125,0
DA:127,0
LF:32
LH:0
BRDA:71,0,0,0
BRDA:71,0,1,0
BRDA:82,1,0,0
BRDA:82,1,1,0
BRDA:82,1,2,0
BRDA:86,2,0,0
BRDA:86,2,1,0
BRDA:107,3,0,0
BRDA:107,3,1,0
BRDA:109,4,0,0
BRDA:109,4,1,0
BRF:11
BRH:0
end_of_record
TN:
SF:src/test-helpers/createMongoMemoryServer.ts
FN:3,(anonymous_0)
FN:3,(anonymous_1)
FN:5,(anonymous_2)
FN:19,createMongoMemoryServer
FNF:4
FNH:0
FNDA:0,(anonymous_0)
FNDA:0,(anonymous_1)
FNDA:0,(anonymous_2)
FNDA:0,createMongoMemoryServer
DA:3,0
DA:5,0
DA:6,0
DA:22,0
DA:24,0
DA:27,0
DA:28,0
DA:30,0
DA:31,0
DA:33,0
DA:35,0
DA:36,0
DA:39,0
DA:40,0
DA:44,0
LF:15
LH:0
BRDA:7,0,0,0
BRDA:7,0,1,0
BRDA:7,0,2,0
BRDA:7,0,3,0
BRDA:20,1,0,0
BRDA:22,2,0,0
BRDA:22,3,0,0
BRDA:35,4,0,0
BRDA:35,4,1,0
BRDA:35,5,0,0
BRDA:35,5,1,0
BRDA:44,6,0,0
BRDA:44,6,1,0
BRF:13
BRH:0
end_of_record
TN:
SF:src/test-helpers/msw-server-bridge.ts
FNF:0
FNH:0
DA:1,21
LF:1
LH:1
BRF:0
BRH:0
end_of_record
TN:
SF:src/tests/helpers/assertions.ts
FN:3,expectRedirectCalledWith
FN:33,expectNextCalled
FN:37,expectJsonCalled
FN:41,expectHeaderSet
FNF:4
FNH:4
FNDA:12,expectRedirectCalledWith
FNDA:3,expectNextCalled
FNDA:4,expectJsonCalled
FNDA:9,expectHeaderSet
DA:3,12
DA:5,12
DA:6,12
DA:7,1
DA:9,11
DA:12,11
DA:13,2
DA:14,2
DA:18,9
DA:19,9
DA:20,9
DA:21,7
DA:26,9
DA:27,7
DA:29,2
DA:33,3
DA:34,3
DA:37,4
DA:38,4
DA:41,9
DA:42,9
LF:21
LH:21
BRDA:6,0,0,1
BRDA:6,0,1,11
BRDA:12,1,0,2
BRDA:12,1,1,9
BRDA:12,2,0,11
BRDA:12,2,1,9
BRDA:26,3,0,7
BRDA:26,3,1,2
BRF:8
BRH:8
end_of_record
TN:
SF:src/tests/helpers/test-data.ts
FN:59,clone
FN:99,(anonymous_12)
FN:100,(anonymous_13)
FN:101,(anonymous_14)
FN:407,createTestData
FN:418,getTestUser
FN:419,(anonymous_17)
FN:423,getSessionForRole
FN:432,getFavoritesForUser
FN:433,(anonymous_20)
FN:433,(anonymous_21)
FN:436,getReviewsForListing
FN:437,(anonymous_23)
FN:437,(anonymous_24)
FN:440,getListingBySlug
FN:441,(anonymous_26)
FN:445,listCities
FN:446,(anonymous_28)
FN:449,listEcoTags
FN:450,(anonymous_30)
FNF:20
FNH:20
FNDA:869,clone
FNDA:537,(anonymous_12)
FNDA:1611,(anonymous_13)
FNDA:5012,(anonymous_14)
FNDA:368,createTestData
FNDA:13,getTestUser
FNDA:31,(anonymous_17)
FNDA:6,getSessionForRole
FNDA:5,getFavoritesForUser
FNDA:15,(anonymous_20)
FNDA:7,(anonymous_21)
FNDA:6,getReviewsForListing
FNDA:18,(anonymous_23)
FNDA:9,(anonymous_24)
FNDA:11,getListingBySlug
FNDA:16,(anonymous_26)
FNDA:78,listCities
FNDA:234,(anonymous_28)
FNDA:9,listEcoTags
FNDA:45,(anonymous_30)
DA:57,179
DA:60,869
DA:61,30
DA:63,839
DA:66,179
DA:99,179
DA:100,537
DA:101,5012
DA:102,1611
DA:103,0
DA:105,1611
DA:111,179
DA:254,179
DA:293,179
DA:336,179
DA:357,179
DA:396,179
DA:405,179
DA:407,368
DA:408,368
DA:409,368
DA:410,368
DA:411,368
DA:412,368
DA:413,368
DA:414,368
DA:415,368
DA:418,7
DA:419,31
DA:420,13
DA:423,6
DA:424,6
DA:425,6
DA:426,5
DA:432,5
DA:433,15
DA:436,6
DA:437,18
DA:440,11
DA:441,16
DA:442,11
DA:445,78
DA:446,234
DA:449,9
DA:450,45
LF:45
LH:44
BRDA:60,0,0,30
BRDA:60,0,1,839
BRDA:102,1,0,0
BRDA:102,1,1,1611
BRDA:409,2,0,1
BRDA:409,2,1,367
BRDA:410,3,0,1
BRDA:410,3,1,367
BRDA:411,4,0,1
BRDA:411,4,1,367
BRDA:412,5,0,1
BRDA:412,5,1,367
BRDA:413,6,0,1
BRDA:413,6,1,367
BRDA:414,7,0,1
BRDA:414,7,1,367
BRDA:420,8,0,11
BRDA:420,8,1,2
BRDA:425,9,0,1
BRDA:425,9,1,5
BRDA:442,10,0,10
BRDA:442,10,1,1
BRF:22
BRH:21
end_of_record
TN:
SF:src/tests/mocks/factories.ts
FN:5,makeMockRequest
FN:12,makeMockResponse
FN:19,makeMockNextResponse
FN:20,(anonymous_7)
FN:21,(anonymous_8)
FN:22,(anonymous_9)
FNF:6
FNH:6
FNDA:8,makeMockRequest
FNDA:23,makeMockResponse
FNDA:15,makeMockNextResponse
FNDA:7,(anonymous_7)
FNDA:5,(anonymous_8)
FNDA:3,(anonymous_9)
DA:5,8
DA:6,8
DA:12,8
DA:13,23
DA:19,15
DA:20,15
DA:21,15
DA:22,15
DA:23,15
LF:9
LH:9
BRDA:12,0,0,18
BRF:1
BRH:1
end_of_record
TN:
SF:src/types/auth.ts
FN:534,getUserPermissions
FN:538,hasPagePermission
FN:546,hasFeaturePermission
FN:565,hasHigherRole
FNF:4
FNH:4
FNDA:13,getUserPermissions
FNDA:4,hasPagePermission
FNDA:24,hasFeaturePermission
FNDA:95,hasHigherRole
DA:80,2
DA:98,7
DA:534,13
DA:535,13
DA:538,17
DA:543,4
DA:546,35
DA:550,24
DA:554,14
DA:565,95
DA:566,95
LF:11
LH:11
BRF:0
BRH:0
end_of_record
TN:
SF:src/types/dto-schemas.ts
FN:106,parseCityDTO
FN:114,parseCityDetailDTO
FN:122,parseListingSummaryArray
FNF:3
FNH:3
FNDA:4,parseCityDTO
FNDA:2,parseCityDetailDTO
FNDA:4,parseListingSummaryArray
DA:4,6
DA:5,6
DA:9,6
DA:13,6
DA:18,6
DA:32,6
DA:34,6
DA:42,6
DA:47,6
DA:60,6
DA:62,6
DA:70,6
DA:76,7
DA:97,6
DA:102,6
DA:104,6
DA:106,4
DA:109,4
DA:110,4
DA:111,2
DA:114,2
DA:117,2
DA:118,2
DA:119,1
DA:122,4
DA:127,4
DA:128,4
DA:129,1
LF:28
LH:28
BRDA:110,0,0,2
BRDA:110,0,1,2
BRDA:118,1,0,1
BRDA:118,1,1,1
BRDA:128,2,0,3
BRDA:128,2,1,1
BRF:6
BRH:6
end_of_record
TN:
SF:src/types/dto.ts
FN:319,(anonymous_0)
FN:325,(anonymous_1)
FN:328,assertISODateString
FNF:3
FNH:0
FNDA:0,(anonymous_0)
FNDA:0,(anonymous_1)
FNDA:0,assertISODateString
DA:319,0
DA:323,0
DA:325,0
DA:326,0
DA:329,0
LF:5
LH:0
BRDA:329,0,0,0
BRDA:329,0,1,0
BRF:2
BRH:0
end_of_record
TN:
SF:src/types/enums.ts
FNF:0
FNH:0
DA:1,5
DA:9,54
DA:18,18
DA:25,17
DA:34,13
DA:47,8
DA:48,5
DA:49,7
DA:50,5
LF:9
LH:9
BRF:0
BRH:0
end_of_record
TN:
SF:src/types/moderator.ts
FN:27,(anonymous_1)
FNF:1
FNH:1
FNDA:21,(anonymous_1)
DA:27,21
DA:28,21
DA:30,5
DA:40,10
DA:50,6
LF:5
LH:5
BRDA:28,0,0,5
BRDA:28,0,1,10
BRDA:28,0,2,6
BRF:3
BRH:3
end_of_record
TN:
SF:src/types/sort.ts
FNF:0
FNH:0
DA:7,17
LF:1
LH:1
BRF:0
BRH:0
end_of_record
TN:
SF:src/utils/api-response.ts
FN:18,createJsonResponse
FN:48,(anonymous_2)
FN:53,(anonymous_3)
FN:63,(anonymous_4)
FN:68,(anonymous_5)
FN:72,(anonymous_6)
FNF:6
FNH:6
FNDA:84,createJsonResponse
FNDA:34,(anonymous_2)
FNDA:31,(anonymous_3)
FNDA:10,(anonymous_4)
FNDA:5,(anonymous_5)
FNDA:4,(anonymous_6)
DA:1,21
DA:13,21
DA:16,21
DA:19,84
DA:20,84
DA:21,84
DA:24,84
DA:28,10
DA:31,74
DA:33,74
DA:47,74
DA:49,34
DA:50,34
DA:58,31
DA:59,31
DA:60,31
DA:64,10
DA:65,10
DA:69,5
DA:73,4
LF:20
LH:20
BRDA:13,0,0,21
BRDA:13,0,1,21
BRDA:16,1,0,21
BRDA:16,1,1,21
BRDA:16,1,2,21
BRDA:16,1,3,21
BRDA:18,2,0,34
BRDA:19,3,0,84
BRDA:19,3,1,84
BRDA:20,4,0,84
BRDA:20,4,1,0
BRDA:24,5,0,10
BRDA:24,5,1,74
BRDA:31,6,0,74
BRDA:31,6,1,0
BRDA:49,7,0,30
BRDA:49,7,1,4
BRDA:55,8,0,3
BRDA:59,9,0,4
BRDA:59,9,1,27
BRDA:64,10,0,9
BRDA:64,10,1,1
BRF:22
BRH:20
end_of_record
TN:
SF:src/utils/auth-helpers.ts
FN:6,requireAuth
FN:16,requireRole
FN:33,handleAuthError
FNF:3
FNH:3
FNDA:14,requireAuth
FNDA:9,requireRole
FNDA:8,handleAuthError
DA:3,2
DA:4,2
DA:6,6
DA:7,14
DA:9,14
DA:10,4
DA:13,10
DA:16,9
DA:17,9
DA:19,8
DA:20,1
DA:23,7
DA:24,1
DA:27,6
DA:28,3
DA:30,3
DA:33,9
DA:34,8
DA:38,8
DA:39,2
DA:41,6
DA:42,2
DA:45,4
LF:23
LH:23
BRDA:9,0,0,4
BRDA:9,0,1,10
BRDA:19,1,0,1
BRDA:19,1,1,7
BRDA:19,2,0,8
BRDA:19,2,1,8
BRDA:23,3,0,1
BRDA:23,3,1,6
BRDA:23,4,0,7
BRDA:23,4,1,7
BRDA:27,5,0,3
BRDA:27,5,1,3
BRDA:34,6,0,6
BRDA:34,6,1,2
BRDA:34,7,0,8
BRDA:34,7,1,7
BRDA:34,7,2,7
BRDA:34,7,3,6
BRDA:38,8,0,2
BRDA:38,8,1,6
BRDA:41,9,0,2
BRDA:41,9,1,4
BRF:22
BRH:22
end_of_record
TN:
SF:src/utils/db-helpers.ts
FN:58,initializeClientPromise
FN:78,createMockCursor
FN:85,(anonymous_5)
FN:89,(anonymous_6)
FN:93,(anonymous_7)
FN:97,(anonymous_8)
FN:101,(anonymous_9)
FN:102,(anonymous_10)
FN:107,(anonymous_11)
FN:134,(anonymous_12)
FN:135,(anonymous_13)
FN:137,(anonymous_14)
FN:149,(anonymous_15)
FN:150,(anonymous_16)
FN:155,(anonymous_17)
FN:182,(anonymous_18)
FN:183,(anonymous_19)
FN:185,(anonymous_20)
FN:205,createMockId
FN:209,getValueByPath
FN:213,(anonymous_23)
FN:221,setValueByPath
FN:237,incrementValueByPath
FN:242,matchesQuery
FN:248,(anonymous_27)
FN:254,(anonymous_28)
FN:265,(anonymous_29)
FN:288,runAggregatePipeline
FN:289,(anonymous_31)
FN:291,(anonymous_32)
FN:299,(anonymous_33)
FN:336,createMockCollection
FN:340,(anonymous_35)
FN:341,(anonymous_36)
FN:344,(anonymous_37)
FN:345,(anonymous_38)
FN:348,(anonymous_39)
FN:352,(anonymous_40)
FN:358,(anonymous_41)
FN:360,(anonymous_42)
FN:362,(anonymous_43)
FN:376,(anonymous_44)
FN:377,(anonymous_45)
FN:420,(anonymous_46)
FN:420,(anonymous_47)
FN:421,(anonymous_48)
FN:421,(anonymous_49)
FN:422,(anonymous_50)
FN:423,(anonymous_51)
FN:430,(anonymous_52)
FN:431,(anonymous_53)
FN:431,(anonymous_54)
FN:433,(anonymous_55)
FN:439,createMockDb
FN:442,(anonymous_57)
FN:461,getDatabase
FN:477,(anonymous_59)
FN:494,(anonymous_60)
FN:523,(anonymous_61)
FN:548,getCollection
FNF:60
FNH:6
FNDA:4,initializeClientPromise
FNDA:0,createMockCursor
FNDA:0,(anonymous_5)
FNDA:0,(anonymous_6)
FNDA:0,(anonymous_7)
FNDA:0,(anonymous_8)
FNDA:0,(anonymous_9)
FNDA:0,(anonymous_10)
FNDA:0,(anonymous_11)
FNDA:0,(anonymous_12)
FNDA:0,(anonymous_13)
FNDA:0,(anonymous_14)
FNDA:0,(anonymous_15)
FNDA:0,(anonymous_16)
FNDA:0,(anonymous_17)
FNDA:0,(anonymous_18)
FNDA:0,(anonymous_19)
FNDA:0,(anonymous_20)
FNDA:0,createMockId
FNDA:0,getValueByPath
FNDA:0,(anonymous_23)
FNDA:0,setValueByPath
FNDA:0,incrementValueByPath
FNDA:0,matchesQuery
FNDA:0,(anonymous_27)
FNDA:0,(anonymous_28)
FNDA:0,(anonymous_29)
FNDA:0,runAggregatePipeline
FNDA:0,(anonymous_31)
FNDA:0,(anonymous_32)
FNDA:0,(anonymous_33)
FNDA:0,createMockCollection
FNDA:0,(anonymous_35)
FNDA:0,(anonymous_36)
FNDA:0,(anonymous_37)
FNDA:0,(anonymous_38)
FNDA:0,(anonymous_39)
FNDA:0,(anonymous_40)
FNDA:0,(anonymous_41)
FNDA:0,(anonymous_42)
FNDA:0,(anonymous_43)
FNDA:0,(anonymous_44)
FNDA:0,(anonymous_45)
FNDA:0,(anonymous_46)
FNDA:0,(anonymous_47)
FNDA:0,(anonymous_48)
FNDA:0,(anonymous_49)
FNDA:0,(anonymous_50)
FNDA:0,(anonymous_51)
FNDA:0,(anonymous_52)
FNDA:0,(anonymous_53)
FNDA:0,(anonymous_54)
FNDA:0,(anonymous_55)
FNDA:4,createMockDb
FNDA:0,(anonymous_57)
FNDA:3,getDatabase
FNDA:3,(anonymous_59)
FNDA:0,(anonymous_60)
FNDA:6,(anonymous_61)
FNDA:2,getCollection
DA:1,8
DA:41,8
DA:44,8
DA:48,8
DA:59,4
DA:60,4
DA:61,1
DA:62,1
DA:65,3
DA:67,3
DA:68,3
DA:69,1
DA:70,1
DA:72,3
DA:75,3
DA:79,0
DA:80,0
DA:81,0
DA:82,0
DA:84,0
DA:86,0
DA:87,0
DA:90,0
DA:91,0
DA:94,0
DA:95,0
DA:98,0
DA:99,0
DA:102,0
DA:105,0
DA:106,0
DA:107,0
DA:108,0
DA:109,0
DA:110,0
DA:111,0
DA:112,0
DA:113,0
DA:114,0
DA:115,0
DA:117,0
DA:122,0
DA:123,0
DA:127,0
DA:128,0
DA:132,0
DA:133,0
DA:134,0
DA:135,0
DA:136,0
DA:137,0
DA:138,0
DA:139,0
DA:140,0
DA:142,0
DA:147,0
DA:150,0
DA:153,0
DA:154,0
DA:155,0
DA:156,0
DA:157,0
DA:158,0
DA:159,0
DA:160,0
DA:161,0
DA:162,0
DA:163,0
DA:165,0
DA:170,0
DA:171,0
DA:175,0
DA:176,0
DA:180,0
DA:181,0
DA:182,0
DA:183,0
DA:184,0
DA:185,0
DA:186,0
DA:187,0
DA:188,0
DA:190,0
DA:196,0
DA:197,0
DA:202,0
DA:206,0
DA:210,0
DA:211,0
DA:213,0
DA:214,0
DA:215,0
DA:217,0
DA:222,0
DA:223,0
DA:224,0
DA:225,0
DA:226,0
DA:227,0
DA:228,0
DA:229,0
DA:230,0
DA:232,0
DA:234,0
DA:238,0
DA:239,0
DA:243,0
DA:244,0
DA:246,0
DA:247,0
DA:248,0
DA:249,0
DA:251,0
DA:253,0
DA:254,0
DA:255,0
DA:257,0
DA:260,0
DA:262,0
DA:263,0
DA:264,0
DA:265,0
DA:266,0
DA:268,0
DA:270,0
DA:271,0
DA:272,0
DA:274,0
DA:275,0
DA:276,0
DA:280,0
DA:281,0
DA:285,0
DA:289,0
DA:290,0
DA:291,0
DA:294,0
DA:295,0
DA:296,0
DA:297,0
DA:299,0
DA:300,0
DA:301,0
DA:303,0
DA:306,0
DA:307,0
DA:308,0
DA:309,0
DA:310,0
DA:312,0
DA:314,0
DA:315,0
DA:316,0
DA:317,0
DA:318,0
DA:319,0
DA:320,0
DA:321,0
DA:322,0
DA:324,0
DA:329,0
DA:332,0
DA:337,0
DA:339,0
DA:341,0
DA:342,0
DA:345,0
DA:346,0
DA:349,0
DA:350,0
DA:351,0
DA:352,0
DA:353,0
DA:355,0
DA:356,0
DA:359,0
DA:360,0
DA:362,0
DA:363,0
DA:364,0
DA:365,0
DA:366,0
DA:367,0
DA:369,0
DA:370,0
DA:371,0
DA:374,0
DA:377,0
DA:378,0
DA:379,0
DA:380,0
DA:381,0
DA:384,0
DA:385,0
DA:386,0
DA:389,0
DA:392,0
DA:393,0
DA:394,0
DA:395,0
DA:396,0
DA:397,0
DA:401,0
DA:402,0
DA:403,0
DA:406,0
DA:407,0
DA:408,0
DA:411,0
DA:412,0
DA:414,0
DA:415,0
DA:418,0
DA:420,0
DA:421,0
DA:423,0
DA:424,0
DA:425,0
DA:427,0
DA:428,0
DA:430,0
DA:431,0
DA:434,0
DA:440,4
DA:441,4
DA:443,0
DA:444,0
DA:446,0
DA:452,8
DA:453,4
DA:454,4
DA:457,4
DA:461,1
DA:462,3
DA:463,0
DA:464,0
DA:466,0
DA:473,3
DA:474,0
DA:477,3
DA:478,3
DA:479,0
DA:482,3
DA:483,3
DA:485,0
DA:486,0
DA:488,0
DA:492,3
DA:494,3
DA:495,0
DA:496,0
DA:497,0
DA:500,0
DA:501,0
DA:502,0
DA:503,0
DA:504,0
DA:510,0
DA:511,0
DA:512,0
DA:513,0
DA:514,0
DA:516,0
DA:517,0
DA:519,0
DA:523,3
DA:524,6
DA:526,3
DA:527,0
DA:530,3
DA:531,0
DA:532,0
DA:534,0
DA:537,3
DA:538,3
DA:539,0
DA:540,0
DA:542,0
DA:545,3
DA:548,3
DA:549,2
DA:550,0
DA:553,2
DA:554,2
DA:555,0
DA:558,2
DA:559,2
LF:287
LH:43
BRDA:44,0,0,8
BRDA:44,0,1,4
BRDA:48,1,0,8
BRDA:48,1,1,4
BRDA:48,1,2,0
BRDA:48,1,3,0
BRDA:48,1,4,0
BRDA:60,2,0,1
BRDA:60,2,1,3
BRDA:61,3,0,0
BRDA:61,3,1,1
BRDA:65,4,0,3
BRDA:65,4,1,3
BRDA:67,5,0,3
BRDA:67,5,1,0
BRDA:68,6,0,1
BRDA:68,6,1,2
BRDA:78,7,0,0
BRDA:86,8,0,0
BRDA:86,8,1,0
BRDA:105,9,0,0
BRDA:105,9,1,0
BRDA:112,10,0,0
BRDA:112,10,1,0
BRDA:113,11,0,0
BRDA:113,11,1,0
BRDA:114,12,0,0
BRDA:114,12,1,0
BRDA:115,13,0,0
BRDA:115,13,1,0
BRDA:122,14,0,0
BRDA:122,14,1,0
BRDA:127,15,0,0
BRDA:127,15,1,0
BRDA:132,16,0,0
BRDA:132,16,1,0
BRDA:136,17,0,0
BRDA:136,17,1,0
BRDA:153,18,0,0
BRDA:153,18,1,0
BRDA:160,19,0,0
BRDA:160,19,1,0
BRDA:161,20,0,0
BRDA:161,20,1,0
BRDA:162,21,0,0
BRDA:162,21,1,0
BRDA:163,22,0,0
BRDA:163,22,1,0
BRDA:170,23,0,0
BRDA:170,23,1,0
BRDA:175,24,0,0
BRDA:175,24,1,0
BRDA:180,25,0,0
BRDA:180,25,1,0
BRDA:184,26,0,0
BRDA:184,26,1,0
BRDA:210,27,0,0
BRDA:210,27,1,0
BRDA:210,28,0,0
BRDA:210,28,1,0
BRDA:214,29,0,0
BRDA:214,29,1,0
BRDA:214,30,0,0
BRDA:214,30,1,0
BRDA:224,31,0,0
BRDA:224,31,1,0
BRDA:227,32,0,0
BRDA:227,32,1,0
BRDA:227,33,0,0
BRDA:227,33,1,0
BRDA:229,34,0,0
BRDA:229,34,1,0
BRDA:238,35,0,0
BRDA:238,35,1,0
BRDA:242,36,0,0
BRDA:244,37,0,0
BRDA:244,37,1,0
BRDA:247,38,0,0
BRDA:247,38,1,0
BRDA:247,39,0,0
BRDA:247,39,1,0
BRDA:248,40,0,0
BRDA:248,40,1,0
BRDA:253,41,0,0
BRDA:253,41,1,0
BRDA:253,42,0,0
BRDA:253,42,1,0
BRDA:254,43,0,0
BRDA:254,43,1,0
BRDA:262,44,0,0
BRDA:262,44,1,0
BRDA:262,45,0,0
BRDA:262,45,1,0
BRDA:262,45,2,0
BRDA:263,46,0,0
BRDA:263,46,1,0
BRDA:264,47,0,0
BRDA:264,47,1,0
BRDA:265,48,0,0
BRDA:265,48,1,0
BRDA:270,49,0,0
BRDA:270,49,1,0
BRDA:271,50,0,0
BRDA:271,50,1,0
BRDA:274,51,0,0
BRDA:274,51,1,0
BRDA:275,52,0,0
BRDA:275,52,1,0
BRDA:280,53,0,0
BRDA:280,53,1,0
BRDA:288,54,0,0
BRDA:290,55,0,0
BRDA:290,55,1,0
BRDA:290,56,0,0
BRDA:290,56,1,0
BRDA:294,57,0,0
BRDA:294,57,1,0
BRDA:294,58,0,0
BRDA:294,58,1,0
BRDA:300,59,0,0
BRDA:300,59,1,0
BRDA:300,60,0,0
BRDA:300,60,1,0
BRDA:308,61,0,0
BRDA:308,61,1,0
BRDA:309,62,0,0
BRDA:309,62,1,0
BRDA:315,63,0,0
BRDA:315,63,1,0
BRDA:316,64,0,0
BRDA:316,64,1,0
BRDA:316,65,0,0
BRDA:316,65,1,0
BRDA:316,65,2,0
BRDA:319,66,0,0
BRDA:319,66,1,0
BRDA:319,67,0,0
BRDA:319,67,1,0
BRDA:320,68,0,0
BRDA:320,68,1,0
BRDA:321,69,0,0
BRDA:321,69,1,0
BRDA:324,70,0,0
BRDA:324,70,1,0
BRDA:340,71,0,0
BRDA:344,72,0,0
BRDA:346,73,0,0
BRDA:346,73,1,0
BRDA:350,74,0,0
BRDA:350,74,1,0
BRDA:352,75,0,0
BRDA:352,75,1,0
BRDA:364,76,0,0
BRDA:364,76,1,0
BRDA:366,77,0,0
BRDA:366,77,1,0
BRDA:378,78,0,0
BRDA:378,78,1,0
BRDA:379,79,0,0
BRDA:379,79,1,0
BRDA:379,80,0,0
BRDA:379,80,1,0
BRDA:384,81,0,0
BRDA:384,81,1,0
BRDA:384,82,0,0
BRDA:384,82,1,0
BRDA:392,83,0,0
BRDA:392,83,1,0
BRDA:394,84,0,0
BRDA:394,84,1,0
BRDA:394,85,0,0
BRDA:394,85,1,0
BRDA:396,86,0,0
BRDA:396,86,1,0
BRDA:396,87,0,0
BRDA:396,87,1,0
BRDA:401,88,0,0
BRDA:401,88,1,0
BRDA:401,89,0,0
BRDA:401,89,1,0
BRDA:406,90,0,0
BRDA:406,90,1,0
BRDA:406,91,0,0
BRDA:406,91,1,0
BRDA:411,92,0,0
BRDA:411,92,1,0
BRDA:420,93,0,0
BRDA:421,94,0,0
BRDA:422,95,0,0
BRDA:424,96,0,0
BRDA:424,96,1,0
BRDA:431,97,0,0
BRDA:434,98,0,0
BRDA:434,98,1,0
BRDA:443,99,0,0
BRDA:443,99,1,0
BRDA:452,100,0,4
BRDA:452,100,1,4
BRDA:453,101,0,4
BRDA:453,101,1,0
BRDA:462,102,0,0
BRDA:462,102,1,3
BRDA:463,103,0,0
BRDA:463,103,1,0
BRDA:473,104,0,0
BRDA:473,104,1,3
BRDA:478,105,0,0
BRDA:478,105,1,3
BRDA:485,106,0,0
BRDA:485,106,1,0
BRDA:485,107,0,0
BRDA:485,107,1,0
BRDA:496,108,0,0
BRDA:496,108,1,0
BRDA:501,109,0,0
BRDA:501,109,1,0
BRDA:516,110,0,0
BRDA:516,110,1,0
BRDA:516,111,0,0
BRDA:516,111,1,0
BRDA:524,112,0,6
BRDA:524,112,1,6
BRDA:526,113,0,0
BRDA:526,113,1,3
BRDA:526,114,0,3
BRDA:526,114,1,0
BRDA:530,115,0,0
BRDA:530,115,1,3
BRDA:531,116,0,0
BRDA:531,116,1,0
BRDA:531,117,0,0
BRDA:531,117,1,0
BRDA:538,118,0,0
BRDA:538,118,1,3
BRDA:538,119,0,3
BRDA:538,119,1,3
BRDA:539,120,0,0
BRDA:539,120,1,0
BRDA:539,121,0,0
BRDA:539,121,1,0
BRDA:549,122,0,0
BRDA:549,122,1,2
BRDA:549,123,0,2
BRDA:549,123,1,2
BRDA:549,123,2,2
BRDA:554,124,0,0
BRDA:554,124,1,2
BRDA:554,125,0,2
BRDA:554,125,1,2
BRF:249
BRH:33
end_of_record
TN:
SF:src/utils/ecoRatingCalculator.ts
FN:21,calculateEcoRating
FNF:1
FNH:1
FNDA:5,calculateEcoRating
DA:21,5
DA:31,5
DA:32,5
DA:34,5
DA:35,27
DA:36,27
DA:37,27
DA:38,12
DA:39,12
DA:42,5
DA:44,3
DA:45,3
DA:46,3
LF:13
LH:13
BRDA:23,0,0,3
BRDA:36,1,0,27
BRDA:36,1,1,0
BRDA:37,2,0,12
BRDA:37,2,1,15
BRDA:37,3,0,27
BRDA:37,3,1,14
BRDA:42,4,0,2
BRDA:42,4,1,3
BRF:9
BRH:8
end_of_record
TN:
SF:src/utils/navigation.ts
FN:1,(anonymous_3)
FN:9,(anonymous_4)
FNF:2
FNH:2
FNDA:2,(anonymous_3)
FNDA:7,(anonymous_4)
DA:1,2
DA:2,2
DA:3,0
DA:6,2
DA:9,9
DA:10,7
DA:11,7
LF:7
LH:6
BRDA:2,0,0,0
BRDA:2,0,1,2
BRDA:10,1,0,7
BRDA:10,1,1,0
BRF:4
BRH:2
end_of_record
TN:
SF:src/utils/priceRange.ts
FN:45,getPriceRangeDisplay
FN:62,getPriceRangeInfo
FN:75,getPriceRangeEmoji
FN:96,getAccommodationPriceDisplay
FNF:4
FNH:4
FNDA:30,getPriceRangeDisplay
FNDA:8,getPriceRangeInfo
FNDA:7,getPriceRangeEmoji
FNDA:18,getAccommodationPriceDisplay
DA:18,15
DA:45,12
DA:49,30
DA:50,7
DA:53,23
DA:54,23
DA:62,8
DA:63,8
DA:64,4
DA:67,4
DA:75,7
DA:76,7
DA:78,4
DA:80,1
DA:82,1
DA:84,1
DA:86,1
DA:96,18
DA:100,18
DA:102,18
DA:103,4
DA:106,14
LF:22
LH:22
BRDA:47,0,0,7
BRDA:49,1,0,7
BRDA:49,1,1,23
BRDA:49,2,0,30
BRDA:49,2,1,25
BRDA:54,3,0,20
BRDA:54,3,1,3
BRDA:63,4,0,4
BRDA:63,4,1,4
BRDA:63,5,0,8
BRDA:63,5,1,5
BRDA:76,6,0,3
BRDA:76,6,1,4
BRDA:78,7,0,1
BRDA:78,7,1,1
BRDA:78,7,2,1
BRDA:78,7,3,1
BRDA:98,8,0,7
BRDA:102,9,0,4
BRDA:102,9,1,14
BRDA:102,10,0,18
BRDA:102,10,1,16
BRF:22
BRH:22
end_of_record
TN:
SF:src/utils/rate-limit.ts
FN:15,(anonymous_5)
FN:42,rateLimit
FN:45,(anonymous_7)
FN:87,getClientIP
FNF:4
FNH:3
FNDA:0,(anonymous_5)
FNDA:16,rateLimit
FNDA:191,(anonymous_7)
FNDA:188,getClientIP
DA:12,1
DA:15,1
DA:16,0
DA:17,0
DA:18,0
DA:19,0
DA:24,1
DA:42,13
DA:43,16
DA:45,16
DA:47,191
DA:49,191
DA:50,191
DA:53,191
DA:55,191
DA:57,19
DA:58,19
DA:62,191
DA:63,191
DA:64,11
DA:73,180
DA:75,180
DA:89,188
DA:90,188
DA:91,182
DA:94,6
DA:95,6
DA:96,2
DA:99,4
DA:100,4
DA:101,2
DA:105,2
DA:111,164
DA:131,26
DA:132,1
LF:35
LH:31
BRDA:18,0,0,0
BRDA:18,0,1,0
BRDA:47,1,0,3
BRDA:47,1,1,188
BRDA:55,2,0,19
BRDA:55,2,1,172
BRDA:55,3,0,191
BRDA:55,3,1,172
BRDA:62,4,0,191
BRDA:62,4,1,0
BRDA:63,5,0,11
BRDA:63,5,1,180
BRDA:90,6,0,182
BRDA:90,6,1,6
BRDA:95,7,0,2
BRDA:95,7,1,4
BRDA:100,8,0,2
BRDA:100,8,1,2
BRF:18
BRH:15
end_of_record
TN:
SF:src/utils/sanitize.ts
FN:3,sanitizeBasic
FN:11,escapeGroqLiteral
FN:18,escapeGroqMatch
FN:27,sanitizeStringArray
FN:31,(anonymous_10)
FN:32,(anonymous_11)
FN:37,clampInt
FNF:7
FNH:7
FNDA:52,sanitizeBasic
FNDA:11,escapeGroqLiteral
FNDA:19,escapeGroqMatch
FNDA:15,sanitizeStringArray
FNDA:34,(anonymous_10)
FNDA:34,(anonymous_11)
FNDA:31,clampInt
DA:3,18
DA:4,52
DA:5,48
DA:6,48
DA:11,11
DA:12,11
DA:14,9
DA:18,19
DA:19,19
DA:21,17
DA:23,17
DA:27,15
DA:28,15
DA:29,15
DA:30,15
DA:31,34
DA:32,34
DA:34,15
DA:37,31
DA:38,31
DA:39,25
LF:21
LH:21
BRDA:3,0,0,15
BRDA:4,1,0,4
BRDA:4,1,1,48
BRDA:6,2,0,5
BRDA:6,2,1,43
BRDA:12,3,0,2
BRDA:12,3,1,9
BRDA:19,4,0,2
BRDA:19,4,1,17
BRDA:28,5,0,15
BRDA:28,5,1,14
BRDA:29,6,0,12
BRDA:29,6,1,3
BRDA:29,7,0,2
BRDA:29,7,1,1
BRDA:37,8,0,19
BRDA:37,9,0,22
BRDA:37,10,0,25
BRDA:38,11,0,6
BRDA:38,11,1,25
BRF:20
BRH:20
end_of_record
